Processing file /home/izquierdo/data/opinion_annotations_nl/kaf/news/NL-Cameron-Europa-01d99cf32ac6939e3c0f9dc3421c42a5bfc49885.kaf
	Number of opinion expressions: 0
	Number of opinion targets: 0
	Number of characters of the text: 3825
Processing file /home/izquierdo/data/opinion_annotations_nl/kaf/news/NL-Cameron-Europa-0226d6ea375e5c4945f6526ec4c0999385246e6e.kaf
	Number of opinion expressions: 2
	Number of opinion targets: 1
	Number of characters of the text: 2644
Processing file /home/izquierdo/data/opinion_annotations_nl/kaf/news/NL-Cameron-Europa-0238cdcd0d34937d1daa10744996a7f1443a6064.kaf
	Number of opinion expressions: 1
	Number of opinion targets: 1
	Number of characters of the text: 9048
Processing file /home/izquierdo/data/opinion_annotations_nl/kaf/news/NL-Cameron-Europa-042fa6b75c6ba1e0483e5a69d42ed31960f15ded.kaf
	Number of opinion expressions: 0
	Number of opinion targets: 0
	Number of characters of the text: 1761
Processing file /home/izquierdo/data/opinion_annotations_nl/kaf/news/NL-Cameron-Europa-0bef848eb3592b805e8c2429f78380a0c2837bd6.kaf
	Number of opinion expressions: 0
	Number of opinion targets: 0
	Number of characters of the text: 3821
Processing file /home/izquierdo/data/opinion_annotations_nl/kaf/news/NL-Cameron-Europa-0c6646c07e9b79c002f0f456af744c70c3816a37.kaf
	Number of opinion expressions: 0
	Number of opinion targets: 0
	Number of characters of the text: 994
Processing file /home/izquierdo/data/opinion_annotations_nl/kaf/news/NL-Cameron-Europa-1028a0289e66095c9ea34bcc62180d7408ad3114.kaf
	Number of opinion expressions: 2
	Number of opinion targets: 2
	Number of characters of the text: 4923
Processing file /home/izquierdo/data/opinion_annotations_nl/kaf/news/NL-Cameron-Europa-16a2631120c82426f73bedceebd7a272532c7fac.kaf
	Number of opinion expressions: 0
	Number of opinion targets: 0
	Number of characters of the text: 3339
Processing file /home/izquierdo/data/opinion_annotations_nl/kaf/news/NL-Cameron-Europa-16a81996d91edc85eea28845d8079a6b946530b5.kaf
	Number of opinion expressions: 2
	Number of opinion targets: 2
	Number of characters of the text: 2733
Processing file /home/izquierdo/data/opinion_annotations_nl/kaf/news/NL-Cameron-Europa-207e28b52e728812f520dda398faba0ad5f82662.kaf
	Number of opinion expressions: 0
	Number of opinion targets: 0
	Number of characters of the text: 1419
Processing file /home/izquierdo/data/opinion_annotations_nl/kaf/news/NL-Cameron-Europa-229e5902cc321a6b979bc57f6209398d7ef6485e.kaf
	Number of opinion expressions: 0
	Number of opinion targets: 0
	Number of characters of the text: 3964
Processing file /home/izquierdo/data/opinion_annotations_nl/kaf/news/NL-Cameron-Europa-291c1b158097b4987ae07161a178c6edbba851bd.kaf
	Number of opinion expressions: 4
	Number of opinion targets: 2
	Number of characters of the text: 1987
Processing file /home/izquierdo/data/opinion_annotations_nl/kaf/news/NL-Cameron-Europa-2b5d6717b8f3a24c3a40f6cc5ac62b82a2f275b8.kaf
	Number of opinion expressions: 0
	Number of opinion targets: 0
	Number of characters of the text: 965
Processing file /home/izquierdo/data/opinion_annotations_nl/kaf/news/NL-Cameron-Europa-2ea65c99024cad483f112f2cc6d5e707f8319e17.kaf
	Number of opinion expressions: 1
	Number of opinion targets: 0
	Number of characters of the text: 7473
Processing file /home/izquierdo/data/opinion_annotations_nl/kaf/news/NL-Cameron-Europa-2f35b553b3c7ede24ef157ac8fa869dd1e5e1aaf.kaf
	Number of opinion expressions: 3
	Number of opinion targets: 2
	Number of characters of the text: 2167
Processing file /home/izquierdo/data/opinion_annotations_nl/kaf/news/NL-Cameron-Europa-338d81a08ec39407e690b3b43a6a2f5b7dc5734d.kaf
	Number of opinion expressions: 3
	Number of opinion targets: 3
	Number of characters of the text: 3428
Processing file /home/izquierdo/data/opinion_annotations_nl/kaf/news/NL-Cameron-Europa-357c9af838801b85c1d82bd712d532335870b2b8.kaf
	Number of opinion expressions: 1
	Number of opinion targets: 0
	Number of characters of the text: 2597
Processing file /home/izquierdo/data/opinion_annotations_nl/kaf/news/NL-Cameron-Europa-361a63ac89a016e0fa803540c60c89fc0a62de9f.kaf
	Number of opinion expressions: 1
	Number of opinion targets: 1
	Number of characters of the text: 1318
Processing file /home/izquierdo/data/opinion_annotations_nl/kaf/news/NL-Cameron-Europa-37de356634517367b43ede6a2428e132c82a3960.kaf
	Number of opinion expressions: 2
	Number of opinion targets: 1
	Number of characters of the text: 3695
Processing file /home/izquierdo/data/opinion_annotations_nl/kaf/news/NL-Cameron-Europa-38ae7adad1030ad729386fa0eba3b24f9aacfc29.kaf
	Number of opinion expressions: 0
	Number of opinion targets: 0
	Number of characters of the text: 828
Processing file /home/izquierdo/data/opinion_annotations_nl/kaf/news/NL-Cameron-Europa-39d41488215afd705b6e224eab992275abfce191.kaf
	Number of opinion expressions: 4
	Number of opinion targets: 4
	Number of characters of the text: 2486
Processing file /home/izquierdo/data/opinion_annotations_nl/kaf/news/NL-Cameron-Europa-3bea702c13d85d5aa69bfe265bbad0500ee1fb18.kaf
	Number of opinion expressions: 0
	Number of opinion targets: 0
	Number of characters of the text: 2788
Processing file /home/izquierdo/data/opinion_annotations_nl/kaf/news/NL-Cameron-Europa-3c3844b92d3a7af62a4a88418f0b3e11dd74a8da.kaf
	Number of opinion expressions: 4
	Number of opinion targets: 4
	Number of characters of the text: 2093
Processing file /home/izquierdo/data/opinion_annotations_nl/kaf/news/NL-Cameron-Europa-3f2041e10bb3ebe22f1ffeff2720fb47a6f1fe80.kaf
	Number of opinion expressions: 2
	Number of opinion targets: 2
	Number of characters of the text: 1852
Processing file /home/izquierdo/data/opinion_annotations_nl/kaf/news/NL-Cameron-Europa-4294b63b67a84b92453b2889d82cb91125c22856.kaf
	Number of opinion expressions: 1
	Number of opinion targets: 1
	Number of characters of the text: 642
Processing file /home/izquierdo/data/opinion_annotations_nl/kaf/news/NL-Cameron-Europa-42b6c9bf6c7fe7927ab135279ae813fc4a6e53e3.kaf
	Number of opinion expressions: 1
	Number of opinion targets: 1
	Number of characters of the text: 4208
Processing file /home/izquierdo/data/opinion_annotations_nl/kaf/news/NL-Cameron-Europa-42e3a7613b409cbaf01fa22504f34c0dd217a4a1.kaf
	Number of opinion expressions: 6
	Number of opinion targets: 5
	Number of characters of the text: 5365
Processing file /home/izquierdo/data/opinion_annotations_nl/kaf/news/NL-Cameron-Europa-47bda1ff66df380c8241fac9a650419ce150d4e1.kaf
	Number of opinion expressions: 1
	Number of opinion targets: 1
	Number of characters of the text: 1067
Processing file /home/izquierdo/data/opinion_annotations_nl/kaf/news/NL-Cameron-Europa-480b6fdd9a630ba33c39e48a16a94b2a4a9937ed.kaf
	Number of opinion expressions: 1
	Number of opinion targets: 1
	Number of characters of the text: 1453
Processing file /home/izquierdo/data/opinion_annotations_nl/kaf/news/NL-Cameron-Europa-48e3673d7c52038bdc7494812d3d92b45ecb8ead.kaf
	Number of opinion expressions: 1
	Number of opinion targets: 1
	Number of characters of the text: 500
Processing file /home/izquierdo/data/opinion_annotations_nl/kaf/news/NL-Cameron-Europa-4f38dac745ff45b884872d12b0f1f33d4a090fc4.kaf
	Number of opinion expressions: 2
	Number of opinion targets: 2
	Number of characters of the text: 1822
Processing file /home/izquierdo/data/opinion_annotations_nl/kaf/news/NL-Cameron-Europa-5077e8c422b3e9cef16fe861874b76cfb417454f.kaf
	Number of opinion expressions: 2
	Number of opinion targets: 3
	Number of characters of the text: 3347
Processing file /home/izquierdo/data/opinion_annotations_nl/kaf/news/NL-Cameron-Europa-53de6340235647e728e75c4a417fcda1ce68d162.kaf
	Number of opinion expressions: 1
	Number of opinion targets: 1
	Number of characters of the text: 1936
Processing file /home/izquierdo/data/opinion_annotations_nl/kaf/news/NL-Cameron-Europa-54002d17a48257e9e47fce06db184c32afe3b64f.kaf
	Number of opinion expressions: 3
	Number of opinion targets: 3
	Number of characters of the text: 1928
Processing file /home/izquierdo/data/opinion_annotations_nl/kaf/news/NL-Cameron-Europa-5418c4bc02563e4eae9de1ba66bd99917ce66a06.kaf
	Number of opinion expressions: 0
	Number of opinion targets: 0
	Number of characters of the text: 2501
Processing file /home/izquierdo/data/opinion_annotations_nl/kaf/news/NL-Cameron-Europa-5770bf91be94414453a83f26ac61ffd270804a48.kaf
	Number of opinion expressions: 2
	Number of opinion targets: 2
	Number of characters of the text: 1974
Processing file /home/izquierdo/data/opinion_annotations_nl/kaf/news/NL-Cameron-Europa-583ead3184f32f228c8f2973ab7138ef7017ec26.kaf
	Number of opinion expressions: 0
	Number of opinion targets: 0
	Number of characters of the text: 3088
Processing file /home/izquierdo/data/opinion_annotations_nl/kaf/news/NL-Cameron-Europa-5a8b98d34d24208f695c1ec21b56b678e3f0a3ba.kaf
	Number of opinion expressions: 3
	Number of opinion targets: 3
	Number of characters of the text: 3337
Processing file /home/izquierdo/data/opinion_annotations_nl/kaf/news/NL-Cameron-Europa-5b3e575900e307c7ac59dc6fd7c19a5bfa6a600e.kaf
	Number of opinion expressions: 0
	Number of opinion targets: 0
	Number of characters of the text: 1314
Processing file /home/izquierdo/data/opinion_annotations_nl/kaf/news/NL-Cameron-Europa-5e91c3cbec79f63520dae4e5170df832c3020d9c.kaf
	Number of opinion expressions: 0
	Number of opinion targets: 0
	Number of characters of the text: 2666
Processing file /home/izquierdo/data/opinion_annotations_nl/kaf/news/NL-Cameron-Europa-6500743d66410258adc35e670854e2e2e0a6762e.kaf
	Number of opinion expressions: 1
	Number of opinion targets: 1
	Number of characters of the text: 2795
Processing file /home/izquierdo/data/opinion_annotations_nl/kaf/news/NL-Cameron-Europa-68ae172c8889ff0e4e5cb180ac11833614b58c86.kaf
	Number of opinion expressions: 2
	Number of opinion targets: 2
	Number of characters of the text: 1514
Processing file /home/izquierdo/data/opinion_annotations_nl/kaf/news/NL-Cameron-Europa-6aa3df9e4353ef0b0adf4f69af4d2610be372e16.kaf
	Number of opinion expressions: 3
	Number of opinion targets: 3
	Number of characters of the text: 2188
Processing file /home/izquierdo/data/opinion_annotations_nl/kaf/news/NL-Cameron-Europa-6c4c63bd8e774c815d98b4ab01e73d9c00b6b894.kaf
	Number of opinion expressions: 1
	Number of opinion targets: 1
	Number of characters of the text: 2266
Processing file /home/izquierdo/data/opinion_annotations_nl/kaf/news/NL-Cameron-Europa-6eb5c8f1c6188178f7eaab7d553a70368de0b5c5.kaf
	Number of opinion expressions: 4
	Number of opinion targets: 4
	Number of characters of the text: 1516
Processing file /home/izquierdo/data/opinion_annotations_nl/kaf/news/NL-Cameron-Europa-6f2dafb9ad53cf532d9ee9f31c00e542d511fb73.kaf
	Number of opinion expressions: 2
	Number of opinion targets: 2
	Number of characters of the text: 1815
Processing file /home/izquierdo/data/opinion_annotations_nl/kaf/news/NL-Cameron-Europa-70136077a25dfad9bdb621d0264b0a6396f51e2e.kaf
	Number of opinion expressions: 2
	Number of opinion targets: 2
	Number of characters of the text: 2743
Processing file /home/izquierdo/data/opinion_annotations_nl/kaf/news/NL-Cameron-Europa-70740bea9976a7384237917ec699580785dc803f.kaf
	Number of opinion expressions: 0
	Number of opinion targets: 0
	Number of characters of the text: 1264
Processing file /home/izquierdo/data/opinion_annotations_nl/kaf/news/NL-Cameron-Europa-7674e50577705551fa90b8fff2e5175c9974c42d.kaf
	Number of opinion expressions: 2
	Number of opinion targets: 2
	Number of characters of the text: 2477
Processing file /home/izquierdo/data/opinion_annotations_nl/kaf/news/NL-Cameron-Europa-7714a4dd604d166f89bc9b67af5fc1cdcb5a3a6c.kaf
	Number of opinion expressions: 1
	Number of opinion targets: 1
	Number of characters of the text: 817
Processing file /home/izquierdo/data/opinion_annotations_nl/kaf/news/NL-Cameron-Europa-7d5bdf220da874f0f2424e279e619d186ed6110a.kaf
	Number of opinion expressions: 5
	Number of opinion targets: 4
	Number of characters of the text: 3464
Processing file /home/izquierdo/data/opinion_annotations_nl/kaf/news/NL-Cameron-Europa-7ef7b7d9e423b30462c120a4cda4f90531a5b86b.kaf
	Number of opinion expressions: 1
	Number of opinion targets: 0
	Number of characters of the text: 2607
Processing file /home/izquierdo/data/opinion_annotations_nl/kaf/news/NL-Cameron-Europa-7f5554d5d95c8c933102937e769fd9e30b5067b0.kaf
	Number of opinion expressions: 4
	Number of opinion targets: 2
	Number of characters of the text: 9678
Processing file /home/izquierdo/data/opinion_annotations_nl/kaf/news/NL-Cameron-Europa-80ebcfc65a2fa212d7c36fcabac3adfbee637486.kaf
	Number of opinion expressions: 0
	Number of opinion targets: 0
	Number of characters of the text: 1841
Processing file /home/izquierdo/data/opinion_annotations_nl/kaf/news/NL-Cameron-Europa-82863be053e9e6e31e637a3478495d67483b81b4.kaf
	Number of opinion expressions: 1
	Number of opinion targets: 1
	Number of characters of the text: 876
Processing file /home/izquierdo/data/opinion_annotations_nl/kaf/news/NL-Cameron-Europa-83cc294efa7422e6e6a9f2a78462d32027b5e645.kaf
	Number of opinion expressions: 1
	Number of opinion targets: 1
	Number of characters of the text: 2744
Processing file /home/izquierdo/data/opinion_annotations_nl/kaf/news/NL-Cameron-Europa-860403c57f7d982c988a8c3951f748e4bbd088db.kaf
	Number of opinion expressions: 4
	Number of opinion targets: 2
	Number of characters of the text: 5116
Processing file /home/izquierdo/data/opinion_annotations_nl/kaf/news/NL-Cameron-Europa-869b16ff2ed490ba9e877cb53825cf2bca355c79.kaf
	Number of opinion expressions: 2
	Number of opinion targets: 0
	Number of characters of the text: 2638
Processing file /home/izquierdo/data/opinion_annotations_nl/kaf/news/NL-Cameron-Europa-885228ef291786dd9de4263317bd99fe497a20cd.kaf
	Number of opinion expressions: 1
	Number of opinion targets: 1
	Number of characters of the text: 1598
Processing file /home/izquierdo/data/opinion_annotations_nl/kaf/news/NL-Cameron-Europa-888f1aedc5eec652f36ae707614168af1bffe396.kaf
	Number of opinion expressions: 2
	Number of opinion targets: 2
	Number of characters of the text: 1068
Processing file /home/izquierdo/data/opinion_annotations_nl/kaf/news/NL-Cameron-Europa-8c3d49a6d5064b90f974125b343bc5b9ac236450.kaf
	Number of opinion expressions: 0
	Number of opinion targets: 0
	Number of characters of the text: 1800
Processing file /home/izquierdo/data/opinion_annotations_nl/kaf/news/NL-Cameron-Europa-906c6c670d85d449f3262006fd017c5ccce24c55.kaf
	Number of opinion expressions: 5
	Number of opinion targets: 5
	Number of characters of the text: 3323
Processing file /home/izquierdo/data/opinion_annotations_nl/kaf/news/NL-Cameron-Europa-93656c2becae6d21a95e56d0471db052a2e6f567.kaf
	Number of opinion expressions: 0
	Number of opinion targets: 0
	Number of characters of the text: 1682
Processing file /home/izquierdo/data/opinion_annotations_nl/kaf/news/NL-Cameron-Europa-95c879be8c01c09e444f4399f18d3b952706473b.kaf
	Number of opinion expressions: 1
	Number of opinion targets: 1
	Number of characters of the text: 2685
Processing file /home/izquierdo/data/opinion_annotations_nl/kaf/news/NL-Cameron-Europa-96f4cbb54444501342ef90c639806463ef5beb5e.kaf
	Number of opinion expressions: 1
	Number of opinion targets: 1
	Number of characters of the text: 1379
Processing file /home/izquierdo/data/opinion_annotations_nl/kaf/news/NL-Cameron-Europa-9b05f4485042e7a2947fab68f42a21f661e82524.kaf
	Number of opinion expressions: 0
	Number of opinion targets: 0
	Number of characters of the text: 2600
Processing file /home/izquierdo/data/opinion_annotations_nl/kaf/news/NL-Cameron-Europa-a0bdb4f3ed62d9d45e0592b86261e6d4e7b2a6dc.kaf
	Number of opinion expressions: 0
	Number of opinion targets: 0
	Number of characters of the text: 809
Processing file /home/izquierdo/data/opinion_annotations_nl/kaf/news/NL-Cameron-Europa-a5374d1129379955c841e8f0d1fe164b6c954c1a.kaf
	Number of opinion expressions: 2
	Number of opinion targets: 2
	Number of characters of the text: 5100
Processing file /home/izquierdo/data/opinion_annotations_nl/kaf/news/NL-Cameron-Europa-a5f914c68e36a9d3556c256c558a5ecaf15e46be.kaf
	Number of opinion expressions: 3
	Number of opinion targets: 2
	Number of characters of the text: 2309
Processing file /home/izquierdo/data/opinion_annotations_nl/kaf/news/NL-Cameron-Europa-a846f968793b170268c85663f9b50e053b8d8b8f.kaf
	Number of opinion expressions: 0
	Number of opinion targets: 0
	Number of characters of the text: 3017
Processing file /home/izquierdo/data/opinion_annotations_nl/kaf/news/NL-Cameron-Europa-aae762daf26477019bd6af6adc697e7e0cbbed5b.kaf
	Number of opinion expressions: 1
	Number of opinion targets: 1
	Number of characters of the text: 5505
Processing file /home/izquierdo/data/opinion_annotations_nl/kaf/news/NL-Cameron-Europa-aaf5cc9cf2b119a85050bb1279958610f53ad5bb.kaf
	Number of opinion expressions: 1
	Number of opinion targets: 1
	Number of characters of the text: 1120
Processing file /home/izquierdo/data/opinion_annotations_nl/kaf/news/NL-Cameron-Europa-b1a01096326a2787a5a50de4c94b6f3f2db7cf59.kaf
	Number of opinion expressions: 0
	Number of opinion targets: 0
	Number of characters of the text: 821
Processing file /home/izquierdo/data/opinion_annotations_nl/kaf/news/NL-Cameron-Europa-b5129df11243c6fde66ebc3310f33c262b8a0c13.kaf
	Number of opinion expressions: 2
	Number of opinion targets: 1
	Number of characters of the text: 2123
Processing file /home/izquierdo/data/opinion_annotations_nl/kaf/news/NL-Cameron-Europa-b5146830a7bcdc681e0747de24a943ea6a0e67dd.kaf
	Number of opinion expressions: 1
	Number of opinion targets: 1
	Number of characters of the text: 1541
Processing file /home/izquierdo/data/opinion_annotations_nl/kaf/news/NL-Cameron-Europa-b933ba6742e15d8e168c7ae9c468f514f03131b9.kaf
	Number of opinion expressions: 2
	Number of opinion targets: 2
	Number of characters of the text: 1653
Processing file /home/izquierdo/data/opinion_annotations_nl/kaf/news/NL-Cameron-Europa-bc57905395d728fa108638016b8ad683d075a8a3.kaf
	Number of opinion expressions: 6
	Number of opinion targets: 7
	Number of characters of the text: 2638
Processing file /home/izquierdo/data/opinion_annotations_nl/kaf/news/NL-Cameron-Europa-be0d58c388919d61f41d09900fbf86229d428aa0.kaf
	Number of opinion expressions: 7
	Number of opinion targets: 5
	Number of characters of the text: 2847
Processing file /home/izquierdo/data/opinion_annotations_nl/kaf/news/NL-Cameron-Europa-bf5186e2f9d7a50beb694499981de4ce8d551df0.kaf
	Number of opinion expressions: 1
	Number of opinion targets: 1
	Number of characters of the text: 3250
Processing file /home/izquierdo/data/opinion_annotations_nl/kaf/news/NL-Cameron-Europa-c2fc8438b4d519e88e1fbffc687758fa4305c3fb.kaf
	Number of opinion expressions: 2
	Number of opinion targets: 2
	Number of characters of the text: 1183
Processing file /home/izquierdo/data/opinion_annotations_nl/kaf/news/NL-Cameron-Europa-c447a94ab6ef70e129b43990b8a0db0971d488de.kaf
	Number of opinion expressions: 0
	Number of opinion targets: 0
	Number of characters of the text: 3275
Processing file /home/izquierdo/data/opinion_annotations_nl/kaf/news/NL-Cameron-Europa-c71925484aaa1e270a68aecf5914af1ca3f652f6.kaf
	Number of opinion expressions: 1
	Number of opinion targets: 1
	Number of characters of the text: 1061
Processing file /home/izquierdo/data/opinion_annotations_nl/kaf/news/NL-Cameron-Europa-c8c90e550858e871b359c50e3647710528a5bbe5.kaf
	Number of opinion expressions: 1
	Number of opinion targets: 1
	Number of characters of the text: 1350
Processing file /home/izquierdo/data/opinion_annotations_nl/kaf/news/NL-Cameron-Europa-cea198e0941c304f2ef870c9488ddbf089c8d326.kaf
	Number of opinion expressions: 3
	Number of opinion targets: 1
	Number of characters of the text: 3159
Processing file /home/izquierdo/data/opinion_annotations_nl/kaf/news/NL-Cameron-Europa-cedbacdea4ea8b5a9b596e5dd3af419770e7a328.kaf
	Number of opinion expressions: 0
	Number of opinion targets: 0
	Number of characters of the text: 2820
Processing file /home/izquierdo/data/opinion_annotations_nl/kaf/news/NL-Cameron-Europa-cf00a25055d6e43e913398f120fa5549855f9159.kaf
	Number of opinion expressions: 3
	Number of opinion targets: 2
	Number of characters of the text: 3262
Processing file /home/izquierdo/data/opinion_annotations_nl/kaf/news/NL-Cameron-Europa-d064072251a2c6aa9a57a8a00302ab20582ef371.kaf
	Number of opinion expressions: 3
	Number of opinion targets: 1
	Number of characters of the text: 2038
Processing file /home/izquierdo/data/opinion_annotations_nl/kaf/news/NL-Cameron-Europa-d30bb06f6340520906d96c1ec167e4423ca55e20.kaf
	Number of opinion expressions: 13
	Number of opinion targets: 9
	Number of characters of the text: 5885
Processing file /home/izquierdo/data/opinion_annotations_nl/kaf/news/NL-Cameron-Europa-d3219a1c5dc4d807c0f9b561bf42a0ce16b07b17.kaf
	Number of opinion expressions: 1
	Number of opinion targets: 1
	Number of characters of the text: 1431
Processing file /home/izquierdo/data/opinion_annotations_nl/kaf/news/NL-Cameron-Europa-d4fa31cb3504a029ccbed5885236e2d04230791f.kaf
	Number of opinion expressions: 1
	Number of opinion targets: 1
	Number of characters of the text: 4088
Processing file /home/izquierdo/data/opinion_annotations_nl/kaf/news/NL-Cameron-Europa-d5876736893a6fa8065d9399e0a9e71455697049.kaf
	Number of opinion expressions: 2
	Number of opinion targets: 1
	Number of characters of the text: 2628
Processing file /home/izquierdo/data/opinion_annotations_nl/kaf/news/NL-Cameron-Europa-d799b9a1915beb9f5684dee8b2d631fba3ad223f.kaf
	Number of opinion expressions: 0
	Number of opinion targets: 0
	Number of characters of the text: 1270
Processing file /home/izquierdo/data/opinion_annotations_nl/kaf/news/NL-Cameron-Europa-d7fab7fc45c1da7facfd0f3819f0e68c4ef18442.kaf
	Number of opinion expressions: 1
	Number of opinion targets: 0
	Number of characters of the text: 1688
Processing file /home/izquierdo/data/opinion_annotations_nl/kaf/news/NL-Cameron-Europa-d942b55cdcf6bd8391dc088b59a2919e44fd6529.kaf
	Number of opinion expressions: 3
	Number of opinion targets: 2
	Number of characters of the text: 3747
Processing file /home/izquierdo/data/opinion_annotations_nl/kaf/news/NL-Cameron-Europa-db4c23d343eeed9b43d17c6657040b76debc28d4.kaf
	Number of opinion expressions: 9
	Number of opinion targets: 7
	Number of characters of the text: 2362
Processing file /home/izquierdo/data/opinion_annotations_nl/kaf/news/NL-Cameron-Europa-dd71fa5d88c50b34691f9c4999ae855ffcbbf9d9.kaf
	Number of opinion expressions: 0
	Number of opinion targets: 0
	Number of characters of the text: 1040
Processing file /home/izquierdo/data/opinion_annotations_nl/kaf/news/NL-Cameron-Europa-df739a914bdb583fd591d854e01a8770f6ee8ee3.kaf
	Number of opinion expressions: 1
	Number of opinion targets: 0
	Number of characters of the text: 4251
Processing file /home/izquierdo/data/opinion_annotations_nl/kaf/news/NL-Cameron-Europa-e031e9668d661a5a3dfc4d447db86e23f609c539.kaf
	Number of opinion expressions: 2
	Number of opinion targets: 2
	Number of characters of the text: 692
Processing file /home/izquierdo/data/opinion_annotations_nl/kaf/news/NL-Cameron-Europa-e0d8f73d33607bca93a5770d9c2ed4737dd0435d.kaf
	Number of opinion expressions: 5
	Number of opinion targets: 3
	Number of characters of the text: 2569
Processing file /home/izquierdo/data/opinion_annotations_nl/kaf/news/NL-Cameron-Europa-e6d82131947820c02fa5b6cb90cd748737a24941.kaf
	Number of opinion expressions: 0
	Number of opinion targets: 0
	Number of characters of the text: 1124
Processing file /home/izquierdo/data/opinion_annotations_nl/kaf/news/NL-Cameron-Europa-e82a375bcdaeb0ccf6196a6a8770c602f063e778.kaf
	Number of opinion expressions: 5
	Number of opinion targets: 3
	Number of characters of the text: 4355
Processing file /home/izquierdo/data/opinion_annotations_nl/kaf/news/NL-Cameron-Europa-e9cabd1037455031994390d20756a10786e7876f.kaf
	Number of opinion expressions: 3
	Number of opinion targets: 2
	Number of characters of the text: 1807
Processing file /home/izquierdo/data/opinion_annotations_nl/kaf/news/NL-Cameron-Europa-f2f477a926760b442aefcf4ddb40e4d0b56b7ff2.kaf
	Number of opinion expressions: 5
	Number of opinion targets: 3
	Number of characters of the text: 6486
Processing file /home/izquierdo/data/opinion_annotations_nl/kaf/news/NL-Cameron-Europa-f3be708b15da57e5a723d02595f66903454168b8.kaf
	Number of opinion expressions: 4
	Number of opinion targets: 0
	Number of characters of the text: 6085
Processing file /home/izquierdo/data/opinion_annotations_nl/kaf/news/NL-Cameron-Europa-f942a3331a5322280ec5b6802d55acd7e189c01d.kaf
	Number of opinion expressions: 2
	Number of opinion targets: 1
	Number of characters of the text: 1664
Processing file /home/izquierdo/data/opinion_annotations_nl/kaf/news/NL-Cameron-Europa-fe19a853f57f05846c8d47c9cebe0a4992c86e63.kaf
	Number of opinion expressions: 1
	Number of opinion targets: 1
	Number of characters of the text: 996
Processing file /home/izquierdo/data/opinion_annotations_nl/kaf/news/NL-Merkel-Europa-0030ff2864365357db2c96fde6f4c42b788acdd9.kaf
	Number of opinion expressions: 0
	Number of opinion targets: 0
	Number of characters of the text: 1482
Processing file /home/izquierdo/data/opinion_annotations_nl/kaf/news/NL-Merkel-Europa-004789791ca9af6e2fdc8a49493c576768a2d4a0.kaf
	Number of opinion expressions: 3
	Number of opinion targets: 3
	Number of characters of the text: 3671
Processing file /home/izquierdo/data/opinion_annotations_nl/kaf/news/NL-Merkel-Europa-0226d6ea375e5c4945f6526ec4c0999385246e6e.kaf
	Number of opinion expressions: 3
	Number of opinion targets: 2
	Number of characters of the text: 2644
Processing file /home/izquierdo/data/opinion_annotations_nl/kaf/news/NL-Merkel-Europa-0238cdcd0d34937d1daa10744996a7f1443a6064.kaf
	Number of opinion expressions: 2
	Number of opinion targets: 2
	Number of characters of the text: 9048
Processing file /home/izquierdo/data/opinion_annotations_nl/kaf/news/NL-Merkel-Europa-042fa6b75c6ba1e0483e5a69d42ed31960f15ded.kaf
	Number of opinion expressions: 0
	Number of opinion targets: 0
	Number of characters of the text: 1761
Processing file /home/izquierdo/data/opinion_annotations_nl/kaf/news/NL-Merkel-Europa-05389200237d48cf8dd01cfccba8549c7be5ddac.kaf
	Number of opinion expressions: 1
	Number of opinion targets: 1
	Number of characters of the text: 5201
Processing file /home/izquierdo/data/opinion_annotations_nl/kaf/news/NL-Merkel-Europa-053cbdb7e86444acf5c1fb0183026a08d71236db.kaf
	Number of opinion expressions: 1
	Number of opinion targets: 2
	Number of characters of the text: 1392
Processing file /home/izquierdo/data/opinion_annotations_nl/kaf/news/NL-Merkel-Europa-055c677244b9ac41a2501fb8ac57fce39be212c0.kaf
	Number of opinion expressions: 0
	Number of opinion targets: 0
	Number of characters of the text: 2084
Processing file /home/izquierdo/data/opinion_annotations_nl/kaf/news/NL-Merkel-Europa-05d67cd34d71d023ea65236de6d2ed3da9cba91c.kaf
	Number of opinion expressions: 1
	Number of opinion targets: 1
	Number of characters of the text: 1419
Processing file /home/izquierdo/data/opinion_annotations_nl/kaf/news/NL-Merkel-Europa-0704fee811bc8829995c694bdf0dd6dc66953341.kaf
	Number of opinion expressions: 2
	Number of opinion targets: 2
	Number of characters of the text: 1837
Processing file /home/izquierdo/data/opinion_annotations_nl/kaf/news/NL-Merkel-Europa-07426ff50b09131827cd017fa607df549f3c0eb4.kaf
	Number of opinion expressions: 0
	Number of opinion targets: 0
	Number of characters of the text: 1253
Processing file /home/izquierdo/data/opinion_annotations_nl/kaf/news/NL-Merkel-Europa-07b28c129aeed44399d7e75d8c269d01af1f58ff.kaf
	Number of opinion expressions: 3
	Number of opinion targets: 2
	Number of characters of the text: 2427
Processing file /home/izquierdo/data/opinion_annotations_nl/kaf/news/NL-Merkel-Europa-082f8bca39adb0c2388d4ef6a2aca1119c7eb6f5.kaf
	Number of opinion expressions: 3
	Number of opinion targets: 3
	Number of characters of the text: 2077
Processing file /home/izquierdo/data/opinion_annotations_nl/kaf/news/NL-Merkel-Europa-0a457c7822791c3e27d1e8ad3f1d7c22df006925.kaf
	Number of opinion expressions: 2
	Number of opinion targets: 2
	Number of characters of the text: 1356
Processing file /home/izquierdo/data/opinion_annotations_nl/kaf/news/NL-Merkel-Europa-0c6892d457a4bbd5627eca9b59b0fdaa9e90616a.kaf
	Number of opinion expressions: 1
	Number of opinion targets: 1
	Number of characters of the text: 2465
Processing file /home/izquierdo/data/opinion_annotations_nl/kaf/news/NL-Merkel-Europa-0e6167c4ff03c00595d55f9c4341e2bc2823ff74.kaf
	Number of opinion expressions: 0
	Number of opinion targets: 0
	Number of characters of the text: 2643
Processing file /home/izquierdo/data/opinion_annotations_nl/kaf/news/NL-Merkel-Europa-1028a0289e66095c9ea34bcc62180d7408ad3114.kaf
	Number of opinion expressions: 4
	Number of opinion targets: 4
	Number of characters of the text: 4923
Processing file /home/izquierdo/data/opinion_annotations_nl/kaf/news/NL-Merkel-Europa-1099c8730abce44037cfc1ea6dfa226c24da0721.kaf
	Number of opinion expressions: 1
	Number of opinion targets: 1
	Number of characters of the text: 1966
Processing file /home/izquierdo/data/opinion_annotations_nl/kaf/news/NL-Merkel-Europa-1226487863970e64d7d65b670f5a838fae90f381.kaf
	Number of opinion expressions: 2
	Number of opinion targets: 2
	Number of characters of the text: 1911
Processing file /home/izquierdo/data/opinion_annotations_nl/kaf/news/NL-Merkel-Europa-1296455f84333f1ab2ac2b25a3dfa854974234f5.kaf
	Number of opinion expressions: 2
	Number of opinion targets: 0
	Number of characters of the text: 4138
Processing file /home/izquierdo/data/opinion_annotations_nl/kaf/news/NL-Merkel-Europa-12a72771cdc0f2915e226d911e728a3fd430d758.kaf
	Number of opinion expressions: 1
	Number of opinion targets: 1
	Number of characters of the text: 719
Processing file /home/izquierdo/data/opinion_annotations_nl/kaf/news/NL-Merkel-Europa-1364f18af78152ec1130cac1d9e2576dbd13f87b.kaf
	Number of opinion expressions: 7
	Number of opinion targets: 5
	Number of characters of the text: 1502
Processing file /home/izquierdo/data/opinion_annotations_nl/kaf/news/NL-Merkel-Europa-164dda81e61c7d1ea65951d7bf7f9076bdc71c8d.kaf
	Number of opinion expressions: 3
	Number of opinion targets: 2
	Number of characters of the text: 3015
Processing file /home/izquierdo/data/opinion_annotations_nl/kaf/news/NL-Merkel-Europa-16cbd410c1419a534ff5a297bba28bcfbd7ab937.kaf
	Number of opinion expressions: 1
	Number of opinion targets: 1
	Number of characters of the text: 1026
Processing file /home/izquierdo/data/opinion_annotations_nl/kaf/news/NL-Merkel-Europa-1826d34e7df7bc6dad71451179b40c8991c2c12f.kaf
	Number of opinion expressions: 3
	Number of opinion targets: 2
	Number of characters of the text: 2030
Processing file /home/izquierdo/data/opinion_annotations_nl/kaf/news/NL-Merkel-Europa-1af1c11017a586acbeac7dba4a915805d8102be9.kaf
	Number of opinion expressions: 1
	Number of opinion targets: 1
	Number of characters of the text: 1032
Processing file /home/izquierdo/data/opinion_annotations_nl/kaf/news/NL-Merkel-Europa-1c03be1b1e247a2c459caf79e0f76567d075dc77.kaf
	Number of opinion expressions: 0
	Number of opinion targets: 0
	Number of characters of the text: 1393
Processing file /home/izquierdo/data/opinion_annotations_nl/kaf/news/NL-Merkel-Europa-1c1b63a43c61f4db793dcb71811cb11b28074d48.kaf
	Number of opinion expressions: 0
	Number of opinion targets: 0
	Number of characters of the text: 2922
Processing file /home/izquierdo/data/opinion_annotations_nl/kaf/news/NL-Merkel-Europa-1c4151f5ea8294a63a3a01aeda820118f9b26a5c.kaf
	Number of opinion expressions: 2
	Number of opinion targets: 2
	Number of characters of the text: 1871
Processing file /home/izquierdo/data/opinion_annotations_nl/kaf/news/NL-Merkel-Europa-1cda7260000021a8df95b3162097ab624cba9de2.kaf
	Number of opinion expressions: 1
	Number of opinion targets: 1
	Number of characters of the text: 567
Processing file /home/izquierdo/data/opinion_annotations_nl/kaf/news/NL-Merkel-Europa-20261a0ea4fa100232c8ea1caad96b6da5974e21.kaf
	Number of opinion expressions: 0
	Number of opinion targets: 0
	Number of characters of the text: 6232
Processing file /home/izquierdo/data/opinion_annotations_nl/kaf/news/NL-Merkel-Europa-2045db7e968c3adf3f5997e7177cd24c7146b241.kaf
	Number of opinion expressions: 4
	Number of opinion targets: 3
	Number of characters of the text: 5200
Processing file /home/izquierdo/data/opinion_annotations_nl/kaf/news/NL-Merkel-Europa-2094e5075ffab56e0882245e833c99cf39e8813a.kaf
	Number of opinion expressions: 0
	Number of opinion targets: 0
	Number of characters of the text: 2184
Processing file /home/izquierdo/data/opinion_annotations_nl/kaf/news/NL-Merkel-Europa-223ee84c41405f91dde8cf593d26dd851c51bfa2.kaf
	Number of opinion expressions: 3
	Number of opinion targets: 1
	Number of characters of the text: 1677
Processing file /home/izquierdo/data/opinion_annotations_nl/kaf/news/NL-Merkel-Europa-24c81661994f92622d3332912c125a38974ebf30.kaf
	Number of opinion expressions: 3
	Number of opinion targets: 2
	Number of characters of the text: 1387
Processing file /home/izquierdo/data/opinion_annotations_nl/kaf/news/NL-Merkel-Europa-251ba6f31741f30f5fcd8bf67269dc09b18bec39.kaf
	Number of opinion expressions: 1
	Number of opinion targets: 1
	Number of characters of the text: 3804
Processing file /home/izquierdo/data/opinion_annotations_nl/kaf/news/NL-Merkel-Europa-25a948ed8c6a3a397387b69787cdb26d4db3e26c.kaf
	Number of opinion expressions: 1
	Number of opinion targets: 1
	Number of characters of the text: 2955
Processing file /home/izquierdo/data/opinion_annotations_nl/kaf/news/NL-Merkel-Europa-261374d8bde35e5abdbbb664bcc16909fd4d3822.kaf
	Number of opinion expressions: 2
	Number of opinion targets: 2
	Number of characters of the text: 1847
Processing file /home/izquierdo/data/opinion_annotations_nl/kaf/news/NL-Merkel-Europa-262860e8fce5d87e3ada913d3744aa707ea2e978.kaf
	Number of opinion expressions: 0
	Number of opinion targets: 0
	Number of characters of the text: 2665
Processing file /home/izquierdo/data/opinion_annotations_nl/kaf/news/NL-Merkel-Europa-276473ffdb3430d19fc1227608d35afa5a61f53c.kaf
	Number of opinion expressions: 0
	Number of opinion targets: 0
	Number of characters of the text: 2747
Processing file /home/izquierdo/data/opinion_annotations_nl/kaf/news/NL-Merkel-Europa-294ebb1447adda801edfadff80ee544a953c323e.kaf
	Number of opinion expressions: 1
	Number of opinion targets: 1
	Number of characters of the text: 1237
Processing file /home/izquierdo/data/opinion_annotations_nl/kaf/news/NL-Merkel-Europa-2a6a768ba55b4ae7fd5b429baa8d9f3811b31742.kaf
	Number of opinion expressions: 2
	Number of opinion targets: 2
	Number of characters of the text: 1581
Processing file /home/izquierdo/data/opinion_annotations_nl/kaf/news/NL-Merkel-Europa-2b3e7e9e0f7e53ea5b6b4fc08abd9940ecc5c56e.kaf
	Number of opinion expressions: 1
	Number of opinion targets: 1
	Number of characters of the text: 1636
Processing file /home/izquierdo/data/opinion_annotations_nl/kaf/news/NL-Merkel-Europa-2b5d6717b8f3a24c3a40f6cc5ac62b82a2f275b8.kaf
	Number of opinion expressions: 0
	Number of opinion targets: 0
	Number of characters of the text: 965
Processing file /home/izquierdo/data/opinion_annotations_nl/kaf/news/NL-Merkel-Europa-2be764ea1ac8d518c60cc0f6c2e4faf79f549497.kaf
	Number of opinion expressions: 0
	Number of opinion targets: 0
	Number of characters of the text: 1382
Processing file /home/izquierdo/data/opinion_annotations_nl/kaf/news/NL-Merkel-Europa-2c0439a21968b94cd4bfab32afb24e9af8da942a.kaf
	Number of opinion expressions: 3
	Number of opinion targets: 2
	Number of characters of the text: 2167
Processing file /home/izquierdo/data/opinion_annotations_nl/kaf/news/NL-Merkel-Europa-2cea4c58387269714ead15a41d5ce8583d50de6d.kaf
	Number of opinion expressions: 2
	Number of opinion targets: 2
	Number of characters of the text: 1647
Processing file /home/izquierdo/data/opinion_annotations_nl/kaf/news/NL-Merkel-Europa-2e9c9aa67fe0e8ea551f6c79ac59e3053a9b4033.kaf
	Number of opinion expressions: 2
	Number of opinion targets: 2
	Number of characters of the text: 1654
Processing file /home/izquierdo/data/opinion_annotations_nl/kaf/news/NL-Merkel-Europa-2eb72a951df4115d57e260ac198b65b0ddad528e.kaf
	Number of opinion expressions: 2
	Number of opinion targets: 2
	Number of characters of the text: 1321
Processing file /home/izquierdo/data/opinion_annotations_nl/kaf/news/NL-Merkel-Europa-2eee57a11928e2a1643fcf04c39504cf5a8ccac6.kaf
	Number of opinion expressions: 0
	Number of opinion targets: 0
	Number of characters of the text: 428
Processing file /home/izquierdo/data/opinion_annotations_nl/kaf/news/NL-Merkel-Europa-2f04a4358c67ae98bf30e6e44011623c3d2094a5.kaf
	Number of opinion expressions: 1
	Number of opinion targets: 1
	Number of characters of the text: 1466
Processing file /home/izquierdo/data/opinion_annotations_nl/kaf/news/NL-Merkel-Europa-313a13bf50669a1e67f479ee565371aaae3ae573.kaf
	Number of opinion expressions: 1
	Number of opinion targets: 1
	Number of characters of the text: 370
Processing file /home/izquierdo/data/opinion_annotations_nl/kaf/news/NL-Merkel-Europa-35bbc6297296d7449990f3a449e7df44dea5762f.kaf
	Number of opinion expressions: 2
	Number of opinion targets: 1
	Number of characters of the text: 3939
Processing file /home/izquierdo/data/opinion_annotations_nl/kaf/news/NL-Merkel-Europa-372635dc6d7e7875cd65867f3461412ca5f29eae.kaf
	Number of opinion expressions: 2
	Number of opinion targets: 1
	Number of characters of the text: 1709
Processing file /home/izquierdo/data/opinion_annotations_nl/kaf/news/NL-Merkel-Europa-37b00ee3c1c511546c6c7aecc413d60be83343c9.kaf
	Number of opinion expressions: 2
	Number of opinion targets: 1
	Number of characters of the text: 4797
Processing file /home/izquierdo/data/opinion_annotations_nl/kaf/news/NL-Merkel-Europa-38963f363d859c3f143da6642fb309b783370af8.kaf
	Number of opinion expressions: 0
	Number of opinion targets: 0
	Number of characters of the text: 2025
Processing file /home/izquierdo/data/opinion_annotations_nl/kaf/news/NL-Merkel-Europa-3955e906910135aded4ef1274754fa52f3ba01ab.kaf
	Number of opinion expressions: 0
	Number of opinion targets: 0
	Number of characters of the text: 336
Processing file /home/izquierdo/data/opinion_annotations_nl/kaf/news/NL-Merkel-Europa-3e73a209a2d5541cf529d4f8e6e49ca7da06237e.kaf
	Number of opinion expressions: 1
	Number of opinion targets: 1
	Number of characters of the text: 2362
Processing file /home/izquierdo/data/opinion_annotations_nl/kaf/news/NL-Merkel-Europa-3f235cb99311a8979a4b2a2186e69101b85b4bac.kaf
	Number of opinion expressions: 0
	Number of opinion targets: 0
	Number of characters of the text: 2513
Processing file /home/izquierdo/data/opinion_annotations_nl/kaf/news/NL-Merkel-Europa-3fa2e2343e328a66528e17ffce32eb54cc9c779e.kaf
	Number of opinion expressions: 2
	Number of opinion targets: 2
	Number of characters of the text: 1576
Processing file /home/izquierdo/data/opinion_annotations_nl/kaf/news/NL-Merkel-Europa-4079d558e3ceb87bd236da89160bfe4100a1b2db.kaf
	Number of opinion expressions: 1
	Number of opinion targets: 1
	Number of characters of the text: 517
Processing file /home/izquierdo/data/opinion_annotations_nl/kaf/news/NL-Merkel-Europa-43423e7a6711e8c2e3cd10c83f653797ad81d329.kaf
	Number of opinion expressions: 3
	Number of opinion targets: 2
	Number of characters of the text: 3706
Processing file /home/izquierdo/data/opinion_annotations_nl/kaf/news/NL-Merkel-Europa-447bd0cfd2393cd7d704f16c0b6d433694fc58f3.kaf
	Number of opinion expressions: 2
	Number of opinion targets: 1
	Number of characters of the text: 1576
Processing file /home/izquierdo/data/opinion_annotations_nl/kaf/news/NL-Merkel-Europa-44bc6f184b2d55b8e40da8ee6f4da6d57f80cc2c.kaf
	Number of opinion expressions: 4
	Number of opinion targets: 2
	Number of characters of the text: 2381
Processing file /home/izquierdo/data/opinion_annotations_nl/kaf/news/NL-Merkel-Europa-44d7aa58f8b00c2bf09e8331e5e57c0fa6d635b5.kaf
	Number of opinion expressions: 2
	Number of opinion targets: 2
	Number of characters of the text: 530
Processing file /home/izquierdo/data/opinion_annotations_nl/kaf/news/NL-Merkel-Europa-44d881ad9d1a0fb5a905945058df792446ecd281.kaf
	Number of opinion expressions: 1
	Number of opinion targets: 1
	Number of characters of the text: 999
Processing file /home/izquierdo/data/opinion_annotations_nl/kaf/news/NL-Merkel-Europa-44e96d04c29a9b894a3ee027297082deead36a20.kaf
	Number of opinion expressions: 0
	Number of opinion targets: 0
	Number of characters of the text: 1823
Processing file /home/izquierdo/data/opinion_annotations_nl/kaf/news/NL-Merkel-Europa-45b7a0116945a295c5d4d322a1407d17e33bece0.kaf
	Number of opinion expressions: 2
	Number of opinion targets: 2
	Number of characters of the text: 1182
Processing file /home/izquierdo/data/opinion_annotations_nl/kaf/news/NL-Merkel-Europa-45ce0fa4323493a3847d9b36c926c21047afae0b.kaf
	Number of opinion expressions: 2
	Number of opinion targets: 1
	Number of characters of the text: 3177
Processing file /home/izquierdo/data/opinion_annotations_nl/kaf/news/NL-Merkel-Europa-469dab2cb6b6cbf3717ed1754ba2bc946bb1f0eb.kaf
	Number of opinion expressions: 0
	Number of opinion targets: 0
	Number of characters of the text: 3298
Processing file /home/izquierdo/data/opinion_annotations_nl/kaf/news/NL-Merkel-Europa-4771089684c1cd047762a5e90281ede08efc1bd4.kaf
	Number of opinion expressions: 2
	Number of opinion targets: 2
	Number of characters of the text: 6380
Processing file /home/izquierdo/data/opinion_annotations_nl/kaf/news/NL-Merkel-Europa-48efa1587b07ccdd367dcd5c215cf09fb657fa97.kaf
	Number of opinion expressions: 1
	Number of opinion targets: 1
	Number of characters of the text: 1881
Processing file /home/izquierdo/data/opinion_annotations_nl/kaf/news/NL-Merkel-Europa-48f040eaacf06d8d56cb46ae2a2416504a781131.kaf
	Number of opinion expressions: 3
	Number of opinion targets: 2
	Number of characters of the text: 2164
Processing file /home/izquierdo/data/opinion_annotations_nl/kaf/news/NL-Merkel-Europa-490b21796f1dac1198bce650e4dcd5a68869d3f3.kaf
	Number of opinion expressions: 5
	Number of opinion targets: 4
	Number of characters of the text: 1777
Processing file /home/izquierdo/data/opinion_annotations_nl/kaf/news/NL-Merkel-Europa-497588c18a345cad2cc9b8db185ba3f188321e15.kaf
	Number of opinion expressions: 0
	Number of opinion targets: 0
	Number of characters of the text: 2234
Processing file /home/izquierdo/data/opinion_annotations_nl/kaf/news/NL-Merkel-Europa-4a71caeb10f3037475032b9e76f78774133b5608.kaf
	Number of opinion expressions: 2
	Number of opinion targets: 3
	Number of characters of the text: 1505
Processing file /home/izquierdo/data/opinion_annotations_nl/kaf/news/NL-Merkel-Europa-4a750ac0b56de3fe6dd516221012bd78c1ce57a3.kaf
	Number of opinion expressions: 0
	Number of opinion targets: 0
	Number of characters of the text: 1787
Processing file /home/izquierdo/data/opinion_annotations_nl/kaf/news/NL-Merkel-Europa-4b346a4b729af0b2be693c1aeb774ffa7a506136.kaf
	Number of opinion expressions: 2
	Number of opinion targets: 2
	Number of characters of the text: 1926
Processing file /home/izquierdo/data/opinion_annotations_nl/kaf/news/NL-Merkel-Europa-4bf377530d6371243a41f7acbd492f8c59b9fc5e.kaf
	Number of opinion expressions: 6
	Number of opinion targets: 2
	Number of characters of the text: 1603
Processing file /home/izquierdo/data/opinion_annotations_nl/kaf/news/NL-Merkel-Europa-4cc6164ef4a8ca423bf3ef99f1b35f9165a00fc7.kaf
	Number of opinion expressions: 0
	Number of opinion targets: 0
	Number of characters of the text: 964
Processing file /home/izquierdo/data/opinion_annotations_nl/kaf/news/NL-Merkel-Europa-4d998385bfa50021462c158494b81189db8651b5.kaf
	Number of opinion expressions: 2
	Number of opinion targets: 1
	Number of characters of the text: 4577
Processing file /home/izquierdo/data/opinion_annotations_nl/kaf/news/NL-Merkel-Europa-4dd9fca3e29b85da4d30e0e170498d6a2be39d28.kaf
	Number of opinion expressions: 3
	Number of opinion targets: 3
	Number of characters of the text: 2902
Processing file /home/izquierdo/data/opinion_annotations_nl/kaf/news/NL-Merkel-Europa-4ee48d0cc552dfbc3d78465d5fbdb18586f44450.kaf
	Number of opinion expressions: 1
	Number of opinion targets: 1
	Number of characters of the text: 1626
Processing file /home/izquierdo/data/opinion_annotations_nl/kaf/news/NL-Merkel-Europa-4f13f77f0b1ae22a1923e6e09b2b3ae75b9d9903.kaf
	Number of opinion expressions: 1
	Number of opinion targets: 1
	Number of characters of the text: 1498
Processing file /home/izquierdo/data/opinion_annotations_nl/kaf/news/NL-Merkel-Europa-5007e67e5fbe5e223aaeeb16ed0b5c3c064ca44b.kaf
	Number of opinion expressions: 0
	Number of opinion targets: 0
	Number of characters of the text: 1952
Processing file /home/izquierdo/data/opinion_annotations_nl/kaf/news/NL-Merkel-Europa-50bb3b30eda5c759ad7a7e3d52fcbde36ddcca97.kaf
	Number of opinion expressions: 2
	Number of opinion targets: 2
	Number of characters of the text: 4839
Processing file /home/izquierdo/data/opinion_annotations_nl/kaf/news/NL-Merkel-Europa-50dd5e6f9e894c2bff35106cd95f0dcef57e154e.kaf
	Number of opinion expressions: 0
	Number of opinion targets: 0
	Number of characters of the text: 7166
Processing file /home/izquierdo/data/opinion_annotations_nl/kaf/news/NL-Merkel-Europa-52261d84df3a9d9ce79482adb8e217ee02451ef1.kaf
	Number of opinion expressions: 1
	Number of opinion targets: 1
	Number of characters of the text: 4192
Processing file /home/izquierdo/data/opinion_annotations_nl/kaf/news/NL-Merkel-Europa-5227b2e5191f319787f781625167e441d83cef7f.kaf
	Number of opinion expressions: 2
	Number of opinion targets: 2
	Number of characters of the text: 802
Processing file /home/izquierdo/data/opinion_annotations_nl/kaf/news/NL-Merkel-Europa-52914845d6229d4f236e1f5ed5ac0943d78c4386.kaf
	Number of opinion expressions: 0
	Number of opinion targets: 0
	Number of characters of the text: 1500
Processing file /home/izquierdo/data/opinion_annotations_nl/kaf/news/NL-Merkel-Europa-533eb22c43c2d5ce03172787528107137f611dbc.kaf
	Number of opinion expressions: 1
	Number of opinion targets: 1
	Number of characters of the text: 1122
Processing file /home/izquierdo/data/opinion_annotations_nl/kaf/news/NL-Merkel-Europa-53419984c37c6b879266e623580cc626910e6acd.kaf
	Number of opinion expressions: 1
	Number of opinion targets: 1
	Number of characters of the text: 2211
Processing file /home/izquierdo/data/opinion_annotations_nl/kaf/news/NL-Merkel-Europa-54b2fdffb8765876578ff6db25cd2fe7d1a4d8e1.kaf
	Number of opinion expressions: 3
	Number of opinion targets: 3
	Number of characters of the text: 11765
Processing file /home/izquierdo/data/opinion_annotations_nl/kaf/news/NL-Merkel-Europa-5507ebfaf0c55c03df166d0d1d1109448a1ba7ce.kaf
	Number of opinion expressions: 1
	Number of opinion targets: 1
	Number of characters of the text: 4249
Processing file /home/izquierdo/data/opinion_annotations_nl/kaf/news/NL-Merkel-Europa-575a05446e79bf0a15ad8dcc2ca4d1a437131090.kaf
	Number of opinion expressions: 3
	Number of opinion targets: 3
	Number of characters of the text: 2932
Processing file /home/izquierdo/data/opinion_annotations_nl/kaf/news/NL-Merkel-Europa-57d54a17234bc302777f925d003b553584547a15.kaf
	Number of opinion expressions: 4
	Number of opinion targets: 2
	Number of characters of the text: 1846
Processing file /home/izquierdo/data/opinion_annotations_nl/kaf/news/NL-Merkel-Europa-57d56f2d61df5490d39c5272e51f31f51bb78820.kaf
	Number of opinion expressions: 5
	Number of opinion targets: 5
	Number of characters of the text: 2616
Processing file /home/izquierdo/data/opinion_annotations_nl/kaf/news/NL-Merkel-Europa-583ead3184f32f228c8f2973ab7138ef7017ec26.kaf
	Number of opinion expressions: 0
	Number of opinion targets: 0
	Number of characters of the text: 3088
Processing file /home/izquierdo/data/opinion_annotations_nl/kaf/news/NL-Merkel-Europa-58c0276c3a54938bdac7b45d215e79593d87501c.kaf
	Number of opinion expressions: 2
	Number of opinion targets: 2
	Number of characters of the text: 1041
Processing file /home/izquierdo/data/opinion_annotations_nl/kaf/news/NL-Merkel-Europa-58ffb25cafd26f374d7a95cb68f67b8ad413046a.kaf
	Number of opinion expressions: 2
	Number of opinion targets: 1
	Number of characters of the text: 558
Processing file /home/izquierdo/data/opinion_annotations_nl/kaf/news/NL-Merkel-Europa-59a0013c929f48fcb30280566121b1e495356d36.kaf
	Number of opinion expressions: 2
	Number of opinion targets: 1
	Number of characters of the text: 1377
Processing file /home/izquierdo/data/opinion_annotations_nl/kaf/news/NL-Merkel-Europa-5a4f74d51832dbb287cb1922924c2450c5f37ac2.kaf
	Number of opinion expressions: 2
	Number of opinion targets: 2
	Number of characters of the text: 1942
Processing file /home/izquierdo/data/opinion_annotations_nl/kaf/news/NL-Merkel-Europa-5bc61adc355b6b0854401608bd32c7110849b69d.kaf
	Number of opinion expressions: 3
	Number of opinion targets: 1
	Number of characters of the text: 1002
Processing file /home/izquierdo/data/opinion_annotations_nl/kaf/news/NL-Merkel-Europa-5c4b5c09c0922b71712b3bd23bd168584908228a.kaf
	Number of opinion expressions: 1
	Number of opinion targets: 1
	Number of characters of the text: 2526
Processing file /home/izquierdo/data/opinion_annotations_nl/kaf/news/NL-Merkel-Europa-5cb62464e4dadd73f89e3542f253e633a67f129e.kaf
	Number of opinion expressions: 1
	Number of opinion targets: 1
	Number of characters of the text: 5631
Processing file /home/izquierdo/data/opinion_annotations_nl/kaf/news/NL-Merkel-Europa-5e91c3cbec79f63520dae4e5170df832c3020d9c.kaf
	Number of opinion expressions: 0
	Number of opinion targets: 0
	Number of characters of the text: 2666
Processing file /home/izquierdo/data/opinion_annotations_nl/kaf/news/NL-Merkel-Europa-5f40badd689eb9ff33e851433c07c9b0813dd6e3.kaf
	Number of opinion expressions: 6
	Number of opinion targets: 2
	Number of characters of the text: 2527
Processing file /home/izquierdo/data/opinion_annotations_nl/kaf/news/NL-Merkel-Europa-5fed75fcba06ccdd6f221675c742ac94d032f489.kaf
	Number of opinion expressions: 0
	Number of opinion targets: 0
	Number of characters of the text: 852
Processing file /home/izquierdo/data/opinion_annotations_nl/kaf/news/NL-Merkel-Europa-605315f960fb457a6db7014111e7da5205841499.kaf
	Number of opinion expressions: 2
	Number of opinion targets: 2
	Number of characters of the text: 919
Processing file /home/izquierdo/data/opinion_annotations_nl/kaf/news/NL-Merkel-Europa-609cf04bb24077399e1fffc5913e20068d26c42a.kaf
	Number of opinion expressions: 1
	Number of opinion targets: 2
	Number of characters of the text: 6881
Processing file /home/izquierdo/data/opinion_annotations_nl/kaf/news/NL-Merkel-Europa-61933c35637b2aaba607d0db5f7db5a04b46b3f6.kaf
	Number of opinion expressions: 1
	Number of opinion targets: 1
	Number of characters of the text: 1821
Processing file /home/izquierdo/data/opinion_annotations_nl/kaf/news/NL-Merkel-Europa-63c8e3b6cbb034c65b5a58212e4ed07ad141ff8c.kaf
	Number of opinion expressions: 0
	Number of opinion targets: 0
	Number of characters of the text: 847
Processing file /home/izquierdo/data/opinion_annotations_nl/kaf/news/NL-Merkel-Europa-64b222e217493bc7fe621dd4e320ffc507c9951f.kaf
	Number of opinion expressions: 0
	Number of opinion targets: 0
	Number of characters of the text: 1796
Processing file /home/izquierdo/data/opinion_annotations_nl/kaf/news/NL-Merkel-Europa-6500743d66410258adc35e670854e2e2e0a6762e.kaf
	Number of opinion expressions: 1
	Number of opinion targets: 1
	Number of characters of the text: 2795
Processing file /home/izquierdo/data/opinion_annotations_nl/kaf/news/NL-Merkel-Europa-657a50f68203e81ca1ee622d8e0db74d689b7272.kaf
	Number of opinion expressions: 1
	Number of opinion targets: 1
	Number of characters of the text: 1176
Processing file /home/izquierdo/data/opinion_annotations_nl/kaf/news/NL-Merkel-Europa-65f3974c0d29df114b0f0b361a3a900499c2efa4.kaf
	Number of opinion expressions: 0
	Number of opinion targets: 0
	Number of characters of the text: 1759
Processing file /home/izquierdo/data/opinion_annotations_nl/kaf/news/NL-Merkel-Europa-6826f0a05f755dee53d02860d3a5773d7733a975.kaf
	Number of opinion expressions: 2
	Number of opinion targets: 2
	Number of characters of the text: 7145
Processing file /home/izquierdo/data/opinion_annotations_nl/kaf/news/NL-Merkel-Europa-6a387f2b96a39f35d86a9e4ca3c4c9038dc529ed.kaf
	Number of opinion expressions: 0
	Number of opinion targets: 0
	Number of characters of the text: 1964
Processing file /home/izquierdo/data/opinion_annotations_nl/kaf/news/NL-Merkel-Europa-6c4c63bd8e774c815d98b4ab01e73d9c00b6b894.kaf
	Number of opinion expressions: 2
	Number of opinion targets: 1
	Number of characters of the text: 2266
Processing file /home/izquierdo/data/opinion_annotations_nl/kaf/news/NL-Merkel-Europa-6e3e90f9f2bb9af9e606998ba775cdc0da8d6c33.kaf
	Number of opinion expressions: 1
	Number of opinion targets: 1
	Number of characters of the text: 4539
Processing file /home/izquierdo/data/opinion_annotations_nl/kaf/news/NL-Merkel-Europa-6fd53745a73b4fc2c7f37c71218184fa176c33b5.kaf
	Number of opinion expressions: 2
	Number of opinion targets: 1
	Number of characters of the text: 1794
Processing file /home/izquierdo/data/opinion_annotations_nl/kaf/news/NL-Merkel-Europa-6fea7b119233d48459e9db633dac45e6922c73d2.kaf
	Number of opinion expressions: 1
	Number of opinion targets: 1
	Number of characters of the text: 2075
Processing file /home/izquierdo/data/opinion_annotations_nl/kaf/news/NL-Merkel-Europa-6ff9b468032cd75e0296e9f4dbaff0ba22df96e0.kaf
	Number of opinion expressions: 3
	Number of opinion targets: 1
	Number of characters of the text: 4404
Processing file /home/izquierdo/data/opinion_annotations_nl/kaf/news/NL-Merkel-Europa-7259a2a04c40ac95d1f127196c2ce58826cb1991.kaf
	Number of opinion expressions: 0
	Number of opinion targets: 0
	Number of characters of the text: 795
Processing file /home/izquierdo/data/opinion_annotations_nl/kaf/news/NL-Merkel-Europa-728c8528d31ade2d664f98f0547206ea62f1b018.kaf
	Number of opinion expressions: 3
	Number of opinion targets: 2
	Number of characters of the text: 2327
Processing file /home/izquierdo/data/opinion_annotations_nl/kaf/news/NL-Merkel-Europa-72d424af3bb61a0d4060ca360c5e339a9acd7f49.kaf
	Number of opinion expressions: 3
	Number of opinion targets: 2
	Number of characters of the text: 2007
Processing file /home/izquierdo/data/opinion_annotations_nl/kaf/news/NL-Merkel-Europa-73d26377d0aa4bcdb6cb115b1e170fb392ee2230.kaf
	Number of opinion expressions: 0
	Number of opinion targets: 0
	Number of characters of the text: 2690
Processing file /home/izquierdo/data/opinion_annotations_nl/kaf/news/NL-Merkel-Europa-7417483eb4f2ba57a36fd91de0465f88be3f71f8.kaf
	Number of opinion expressions: 1
	Number of opinion targets: 1
	Number of characters of the text: 1837
Processing file /home/izquierdo/data/opinion_annotations_nl/kaf/news/NL-Merkel-Europa-7543cea8744a142d26f5bffb6828d90b0135eae8.kaf
	Number of opinion expressions: 2
	Number of opinion targets: 2
	Number of characters of the text: 1398
Processing file /home/izquierdo/data/opinion_annotations_nl/kaf/news/NL-Merkel-Europa-7576ea79979e6cc0079cf51546222fe91c406be2.kaf
	Number of opinion expressions: 1
	Number of opinion targets: 1
	Number of characters of the text: 1382
Processing file /home/izquierdo/data/opinion_annotations_nl/kaf/news/NL-Merkel-Europa-75d5c2a908f8fe74a1ab7e47a575591f748da259.kaf
	Number of opinion expressions: 0
	Number of opinion targets: 0
	Number of characters of the text: 1959
Processing file /home/izquierdo/data/opinion_annotations_nl/kaf/news/NL-Merkel-Europa-75ff07ce2533c3a7240b40397c69b8d7cb97092b.kaf
	Number of opinion expressions: 0
	Number of opinion targets: 0
	Number of characters of the text: 1729
Processing file /home/izquierdo/data/opinion_annotations_nl/kaf/news/NL-Merkel-Europa-769088b4025b52f1af4b0ff88b32997d68b811f6.kaf
	Number of opinion expressions: 1
	Number of opinion targets: 1
	Number of characters of the text: 5421
Processing file /home/izquierdo/data/opinion_annotations_nl/kaf/news/NL-Merkel-Europa-7714a4dd604d166f89bc9b67af5fc1cdcb5a3a6c.kaf
	Number of opinion expressions: 3
	Number of opinion targets: 2
	Number of characters of the text: 817
Processing file /home/izquierdo/data/opinion_annotations_nl/kaf/news/NL-Merkel-Europa-7cd55b92fb7f4da697690e7888b9aabd051d6540.kaf
	Number of opinion expressions: 5
	Number of opinion targets: 4
	Number of characters of the text: 3208
Processing file /home/izquierdo/data/opinion_annotations_nl/kaf/news/NL-Merkel-Europa-7d5bdf220da874f0f2424e279e619d186ed6110a.kaf
	Number of opinion expressions: 5
	Number of opinion targets: 4
	Number of characters of the text: 3464
Processing file /home/izquierdo/data/opinion_annotations_nl/kaf/news/NL-Merkel-Europa-7dc7cd11dcc728f9b8992ebddd0cc0cc0f812a80.kaf
	Number of opinion expressions: 1
	Number of opinion targets: 1
	Number of characters of the text: 2912
Processing file /home/izquierdo/data/opinion_annotations_nl/kaf/news/NL-Merkel-Europa-7e2a445064914920b1d62d3f99a106216e698208.kaf
	Number of opinion expressions: 0
	Number of opinion targets: 0
	Number of characters of the text: 1251
Processing file /home/izquierdo/data/opinion_annotations_nl/kaf/news/NL-Merkel-Europa-7e3bd15f4267d8a27feb88cf43f5850e3c974f7f.kaf
	Number of opinion expressions: 2
	Number of opinion targets: 5
	Number of characters of the text: 1513
Processing file /home/izquierdo/data/opinion_annotations_nl/kaf/news/NL-Merkel-Europa-7e9fc55fcb1432e149904f45ed58c8bb63e79c4f.kaf
	Number of opinion expressions: 1
	Number of opinion targets: 1
	Number of characters of the text: 4076
Processing file /home/izquierdo/data/opinion_annotations_nl/kaf/news/NL-Merkel-Europa-7ee0049ede4ec80a1443efbbfba8fd93ab08caef.kaf
	Number of opinion expressions: 2
	Number of opinion targets: 2
	Number of characters of the text: 1176
Processing file /home/izquierdo/data/opinion_annotations_nl/kaf/news/NL-Merkel-Europa-80ebcfc65a2fa212d7c36fcabac3adfbee637486.kaf
	Number of opinion expressions: 2
	Number of opinion targets: 2
	Number of characters of the text: 1841
Processing file /home/izquierdo/data/opinion_annotations_nl/kaf/news/NL-Merkel-Europa-812abf180d19d09ac94da49a0cc7f49398439f2c.kaf
	Number of opinion expressions: 2
	Number of opinion targets: 2
	Number of characters of the text: 4698
Processing file /home/izquierdo/data/opinion_annotations_nl/kaf/news/NL-Merkel-Europa-81420bc3d29cef3d87a5639f928799424ab11c21.kaf
	Number of opinion expressions: 2
	Number of opinion targets: 2
	Number of characters of the text: 3647
Processing file /home/izquierdo/data/opinion_annotations_nl/kaf/news/NL-Merkel-Europa-81ba1cd8b87877eba0d849eedf1dad064a2ad560.kaf
	Number of opinion expressions: 1
	Number of opinion targets: 0
	Number of characters of the text: 10484
Processing file /home/izquierdo/data/opinion_annotations_nl/kaf/news/NL-Merkel-Europa-81df9ce11b470f470cdafd6e45451ba4fbba49da.kaf
	Number of opinion expressions: 2
	Number of opinion targets: 2
	Number of characters of the text: 4630
Processing file /home/izquierdo/data/opinion_annotations_nl/kaf/news/NL-Merkel-Europa-83cc294efa7422e6e6a9f2a78462d32027b5e645.kaf
	Number of opinion expressions: 3
	Number of opinion targets: 3
	Number of characters of the text: 2744
Processing file /home/izquierdo/data/opinion_annotations_nl/kaf/news/NL-Merkel-Europa-869b16ff2ed490ba9e877cb53825cf2bca355c79.kaf
	Number of opinion expressions: 1
	Number of opinion targets: 1
	Number of characters of the text: 2638
Processing file /home/izquierdo/data/opinion_annotations_nl/kaf/news/NL-Merkel-Europa-877229acbfc81fb29738df6c2a2983a5f67bfa30.kaf
	Number of opinion expressions: 1
	Number of opinion targets: 1
	Number of characters of the text: 2630
Processing file /home/izquierdo/data/opinion_annotations_nl/kaf/news/NL-Merkel-Europa-878a0af4b46fb3273ccc055154ca437238863670.kaf
	Number of opinion expressions: 0
	Number of opinion targets: 0
	Number of characters of the text: 868
Processing file /home/izquierdo/data/opinion_annotations_nl/kaf/news/NL-Merkel-Europa-885228ef291786dd9de4263317bd99fe497a20cd.kaf
	Number of opinion expressions: 3
	Number of opinion targets: 2
	Number of characters of the text: 1598
Processing file /home/izquierdo/data/opinion_annotations_nl/kaf/news/NL-Merkel-Europa-8999103c4d21f584220072f97a4bcf7871a1c42b.kaf
	Number of opinion expressions: 2
	Number of opinion targets: 2
	Number of characters of the text: 4020
Processing file /home/izquierdo/data/opinion_annotations_nl/kaf/news/NL-Merkel-Europa-8bb3580257e18d7b4ac2fb3f82e0d1d85af9a8ea.kaf
	Number of opinion expressions: 2
	Number of opinion targets: 2
	Number of characters of the text: 2706
Processing file /home/izquierdo/data/opinion_annotations_nl/kaf/news/NL-Merkel-Europa-8be7eb89ea8eb2c688868ef2ec6418bf74f5e461.kaf
	Number of opinion expressions: 0
	Number of opinion targets: 0
	Number of characters of the text: 2234
Processing file /home/izquierdo/data/opinion_annotations_nl/kaf/news/NL-Merkel-Europa-8c3d4446a062587aed7dee0cfe096400cc644c2f.kaf
	Number of opinion expressions: 1
	Number of opinion targets: 1
	Number of characters of the text: 2629
Processing file /home/izquierdo/data/opinion_annotations_nl/kaf/news/NL-Merkel-Europa-8c3d49a6d5064b90f974125b343bc5b9ac236450.kaf
	Number of opinion expressions: 2
	Number of opinion targets: 1
	Number of characters of the text: 1800
Processing file /home/izquierdo/data/opinion_annotations_nl/kaf/news/NL-Merkel-Europa-8cef310d9a5fd89aef50a1894af66774914c71cd.kaf
	Number of opinion expressions: 0
	Number of opinion targets: 0
	Number of characters of the text: 2174
Processing file /home/izquierdo/data/opinion_annotations_nl/kaf/news/NL-Merkel-Europa-8d01a00c86efeb2d9407f8e4228b373cd2a32902.kaf
	Number of opinion expressions: 1
	Number of opinion targets: 1
	Number of characters of the text: 813
Processing file /home/izquierdo/data/opinion_annotations_nl/kaf/news/NL-Merkel-Europa-8e1e15a9966b52a26d31a522c4400d11124a3022.kaf
	Number of opinion expressions: 0
	Number of opinion targets: 0
	Number of characters of the text: 1252
Processing file /home/izquierdo/data/opinion_annotations_nl/kaf/news/NL-Merkel-Europa-8ec417eee934c9a3f71ac31dcc4d1a46d539df32.kaf
	Number of opinion expressions: 3
	Number of opinion targets: 3
	Number of characters of the text: 3084
Processing file /home/izquierdo/data/opinion_annotations_nl/kaf/news/NL-Merkel-Europa-8f56abb3d6e4020db0eb8aec2741ca04715cfe67.kaf
	Number of opinion expressions: 2
	Number of opinion targets: 1
	Number of characters of the text: 2268
Processing file /home/izquierdo/data/opinion_annotations_nl/kaf/news/NL-Merkel-Europa-9199059c7b4c1b740031d60f47d5de3d5a7f8e86.kaf
	Number of opinion expressions: 2
	Number of opinion targets: 2
	Number of characters of the text: 1165
Processing file /home/izquierdo/data/opinion_annotations_nl/kaf/news/NL-Merkel-Europa-934d93d15fe20824b73a4aadb4dd96a994dfb650.kaf
	Number of opinion expressions: 2
	Number of opinion targets: 2
	Number of characters of the text: 878
Processing file /home/izquierdo/data/opinion_annotations_nl/kaf/news/NL-Merkel-Europa-95f14b3b26ba2e86062412682ddb8de0344d18c5.kaf
	Number of opinion expressions: 1
	Number of opinion targets: 1
	Number of characters of the text: 1377
Processing file /home/izquierdo/data/opinion_annotations_nl/kaf/news/NL-Merkel-Europa-96cd58dcfc9d423a81284923cda2f0692dec78e1.kaf
	Number of opinion expressions: 4
	Number of opinion targets: 3
	Number of characters of the text: 5046
Processing file /home/izquierdo/data/opinion_annotations_nl/kaf/news/NL-Merkel-Europa-97158507aa192658e405ac332dfd4c8deb65d291.kaf
	Number of opinion expressions: 1
	Number of opinion targets: 1
	Number of characters of the text: 1684
Processing file /home/izquierdo/data/opinion_annotations_nl/kaf/news/NL-Merkel-Europa-97f0b9501de2859754efa051c48ecf4fa3564c6d.kaf
	Number of opinion expressions: 2
	Number of opinion targets: 1
	Number of characters of the text: 2127
Processing file /home/izquierdo/data/opinion_annotations_nl/kaf/news/NL-Merkel-Europa-990e449c3ac988695dd5757e5299db96b0c4873b.kaf
	Number of opinion expressions: 1
	Number of opinion targets: 1
	Number of characters of the text: 2690
Processing file /home/izquierdo/data/opinion_annotations_nl/kaf/news/NL-Merkel-Europa-99b94eff3d94c5f6a2c45b9cfdaddc32460cb0e1.kaf
	Number of opinion expressions: 0
	Number of opinion targets: 0
	Number of characters of the text: 1002
Processing file /home/izquierdo/data/opinion_annotations_nl/kaf/news/NL-Merkel-Europa-9b7465590c20b7dad68f383b778eb34bcb439154.kaf
	Number of opinion expressions: 3
	Number of opinion targets: 2
	Number of characters of the text: 5990
Processing file /home/izquierdo/data/opinion_annotations_nl/kaf/news/NL-Merkel-Europa-9bb549a7a5a0c5fd545eec0973c4a8c48fc806f3.kaf
	Number of opinion expressions: 3
	Number of opinion targets: 3
	Number of characters of the text: 1916
Processing file /home/izquierdo/data/opinion_annotations_nl/kaf/news/NL-Merkel-Europa-9bd2b4caafabb22a85474a83463b02ccd36c68b2.kaf
	Number of opinion expressions: 5
	Number of opinion targets: 5
	Number of characters of the text: 2806
Processing file /home/izquierdo/data/opinion_annotations_nl/kaf/news/NL-Merkel-Europa-9beee617f844a0bcc7fba91ce5b640affbffb4f6.kaf
	Number of opinion expressions: 3
	Number of opinion targets: 0
	Number of characters of the text: 6495
Processing file /home/izquierdo/data/opinion_annotations_nl/kaf/news/NL-Merkel-Europa-9c8197ad387803736199d160bf1d15cb9a3d57a7.kaf
	Number of opinion expressions: 2
	Number of opinion targets: 1
	Number of characters of the text: 1466
Processing file /home/izquierdo/data/opinion_annotations_nl/kaf/news/NL-Merkel-Europa-9d6d13240a691e4aee2695ef9a1c14aa314abfad.kaf
	Number of opinion expressions: 0
	Number of opinion targets: 0
	Number of characters of the text: 2191
Processing file /home/izquierdo/data/opinion_annotations_nl/kaf/news/NL-Merkel-Europa-9e8bcdc73c2313a591b1668b43461b6be72b935f.kaf
	Number of opinion expressions: 2
	Number of opinion targets: 1
	Number of characters of the text: 1277
Processing file /home/izquierdo/data/opinion_annotations_nl/kaf/news/NL-Merkel-Europa-9f8541e23dad35a8b9615a47423f87caf56334ff.kaf
	Number of opinion expressions: 1
	Number of opinion targets: 1
	Number of characters of the text: 1937
Processing file /home/izquierdo/data/opinion_annotations_nl/kaf/news/NL-Merkel-Europa-9fc0f87515ded09df1c0d2ec9ce74052716e2f6b.kaf
	Number of opinion expressions: 1
	Number of opinion targets: 1
	Number of characters of the text: 1565
Processing file /home/izquierdo/data/opinion_annotations_nl/kaf/news/NL-Merkel-Europa-a2040c6c8fe60fb073777798c0299f015faad03d.kaf
	Number of opinion expressions: 1
	Number of opinion targets: 1
	Number of characters of the text: 2852
Processing file /home/izquierdo/data/opinion_annotations_nl/kaf/news/NL-Merkel-Europa-a29ffa1d00ef85cd1ee65d0f75a244653084afb1.kaf
	Number of opinion expressions: 1
	Number of opinion targets: 1
	Number of characters of the text: 1222
Processing file /home/izquierdo/data/opinion_annotations_nl/kaf/news/NL-Merkel-Europa-a2e09db42a1c627c38719b83aaa89ed52c68f610.kaf
	Number of opinion expressions: 2
	Number of opinion targets: 2
	Number of characters of the text: 2907
Processing file /home/izquierdo/data/opinion_annotations_nl/kaf/news/NL-Merkel-Europa-a3db960b293c6c5e11749717581be4270db08337.kaf
	Number of opinion expressions: 1
	Number of opinion targets: 1
	Number of characters of the text: 2780
Processing file /home/izquierdo/data/opinion_annotations_nl/kaf/news/NL-Merkel-Europa-a5374d1129379955c841e8f0d1fe164b6c954c1a.kaf
	Number of opinion expressions: 1
	Number of opinion targets: 1
	Number of characters of the text: 5100
Processing file /home/izquierdo/data/opinion_annotations_nl/kaf/news/NL-Merkel-Europa-a5d5bd58e2e8498e199c30a51b496d1a52ec213e.kaf
	Number of opinion expressions: 2
	Number of opinion targets: 2
	Number of characters of the text: 1902
Processing file /home/izquierdo/data/opinion_annotations_nl/kaf/news/NL-Merkel-Europa-a5d63b8ed483df8d7f3ec64adedb1a81978891e0.kaf
	Number of opinion expressions: 2
	Number of opinion targets: 1
	Number of characters of the text: 1803
Processing file /home/izquierdo/data/opinion_annotations_nl/kaf/news/NL-Merkel-Europa-a65bfac35dd40c689f0dc473ed21319e030c4770.kaf
	Number of opinion expressions: 3
	Number of opinion targets: 2
	Number of characters of the text: 904
Processing file /home/izquierdo/data/opinion_annotations_nl/kaf/news/NL-Merkel-Europa-a716ca97a99df200fa5fdd7606615a44f88596a1.kaf
	Number of opinion expressions: 0
	Number of opinion targets: 0
	Number of characters of the text: 2485
Processing file /home/izquierdo/data/opinion_annotations_nl/kaf/news/NL-Merkel-Europa-a7329a4b529fddfc55fcc59b3e7d15ffd25da46b.kaf
	Number of opinion expressions: 1
	Number of opinion targets: 1
	Number of characters of the text: 1783
Processing file /home/izquierdo/data/opinion_annotations_nl/kaf/news/NL-Merkel-Europa-a88e0461f613944a94fc556372388aab84abce41.kaf
	Number of opinion expressions: 2
	Number of opinion targets: 1
	Number of characters of the text: 3019
Processing file /home/izquierdo/data/opinion_annotations_nl/kaf/news/NL-Merkel-Europa-a9f8c51bf32a19f9d9ada97c68504b533beb4ac9.kaf
	Number of opinion expressions: 1
	Number of opinion targets: 1
	Number of characters of the text: 1451
Processing file /home/izquierdo/data/opinion_annotations_nl/kaf/news/NL-Merkel-Europa-aa6e5293dca74d22df2160b6878c10de59d4aebd.kaf
	Number of opinion expressions: 2
	Number of opinion targets: 1
	Number of characters of the text: 2630
Processing file /home/izquierdo/data/opinion_annotations_nl/kaf/news/NL-Merkel-Europa-aad6c64f8f855b93cb58f61a8f8b339725b8755a.kaf
	Number of opinion expressions: 2
	Number of opinion targets: 2
	Number of characters of the text: 2503
Processing file /home/izquierdo/data/opinion_annotations_nl/kaf/news/NL-Merkel-Europa-aae762daf26477019bd6af6adc697e7e0cbbed5b.kaf
	Number of opinion expressions: 2
	Number of opinion targets: 2
	Number of characters of the text: 5505
Processing file /home/izquierdo/data/opinion_annotations_nl/kaf/news/NL-Merkel-Europa-ab704bac140ac782be2aefc0b040d2f5ea6a56fd.kaf
	Number of opinion expressions: 0
	Number of opinion targets: 0
	Number of characters of the text: 1653
Processing file /home/izquierdo/data/opinion_annotations_nl/kaf/news/NL-Merkel-Europa-ac55fb701e9bb0bbe5d3570695a4acb3cc17563c.kaf
	Number of opinion expressions: 1
	Number of opinion targets: 1
	Number of characters of the text: 2270
Processing file /home/izquierdo/data/opinion_annotations_nl/kaf/news/NL-Merkel-Europa-acbf10d4599f495b9591f76ae1c7b1728c69598d.kaf
	Number of opinion expressions: 2
	Number of opinion targets: 2
	Number of characters of the text: 5011
Processing file /home/izquierdo/data/opinion_annotations_nl/kaf/news/NL-Merkel-Europa-acec26d987d9a7163a829ba2a4ab8ba29be6f826.kaf
	Number of opinion expressions: 0
	Number of opinion targets: 0
	Number of characters of the text: 2856
Processing file /home/izquierdo/data/opinion_annotations_nl/kaf/news/NL-Merkel-Europa-aceec7d34e4d6a020f156357c49ffc6a095e2db5.kaf
	Number of opinion expressions: 1
	Number of opinion targets: 1
	Number of characters of the text: 3767
Processing file /home/izquierdo/data/opinion_annotations_nl/kaf/news/NL-Merkel-Europa-aea4508052013bbb69ae4d4f0714c36b8de4ce2a.kaf
	Number of opinion expressions: 1
	Number of opinion targets: 1
	Number of characters of the text: 2498
Processing file /home/izquierdo/data/opinion_annotations_nl/kaf/news/NL-Merkel-Europa-afa2dcc718f56bcad2f45b29a8831b6bbeeb52e9.kaf
	Number of opinion expressions: 3
	Number of opinion targets: 2
	Number of characters of the text: 2991
Processing file /home/izquierdo/data/opinion_annotations_nl/kaf/news/NL-Merkel-Europa-afd730c5db2abc640dadac868a56dd37fba0b43a.kaf
	Number of opinion expressions: 1
	Number of opinion targets: 1
	Number of characters of the text: 826
Processing file /home/izquierdo/data/opinion_annotations_nl/kaf/news/NL-Merkel-Europa-afff38c421c4a6eed89c344628d4276d43bdc31c.kaf
	Number of opinion expressions: 2
	Number of opinion targets: 1
	Number of characters of the text: 2300
Processing file /home/izquierdo/data/opinion_annotations_nl/kaf/news/NL-Merkel-Europa-b061eb317238b12991218331dd57c0a6f21a5531.kaf
	Number of opinion expressions: 2
	Number of opinion targets: 1
	Number of characters of the text: 2928
Processing file /home/izquierdo/data/opinion_annotations_nl/kaf/news/NL-Merkel-Europa-b1de0196bf4a0fc456942d9d65b1837b9dbcdc17.kaf
	Number of opinion expressions: 1
	Number of opinion targets: 1
	Number of characters of the text: 8290
Processing file /home/izquierdo/data/opinion_annotations_nl/kaf/news/NL-Merkel-Europa-b391e1e220b221f984ce4e7def9b89a78e483bd6.kaf
	Number of opinion expressions: 0
	Number of opinion targets: 0
	Number of characters of the text: 2192
Processing file /home/izquierdo/data/opinion_annotations_nl/kaf/news/NL-Merkel-Europa-b4e4005c890044efa05b81be80ff16a6fde02f18.kaf
	Number of opinion expressions: 1
	Number of opinion targets: 1
	Number of characters of the text: 2643
Processing file /home/izquierdo/data/opinion_annotations_nl/kaf/news/NL-Merkel-Europa-b5129df11243c6fde66ebc3310f33c262b8a0c13.kaf
	Number of opinion expressions: 3
	Number of opinion targets: 2
	Number of characters of the text: 2123
Processing file /home/izquierdo/data/opinion_annotations_nl/kaf/news/NL-Merkel-Europa-b58b4952778b1a5882c121898924b92273bf337b.kaf
	Number of opinion expressions: 2
	Number of opinion targets: 2
	Number of characters of the text: 1307
Processing file /home/izquierdo/data/opinion_annotations_nl/kaf/news/NL-Merkel-Europa-b6d30979b093ffe5413f29bbd1e01cddf9f17cad.kaf
	Number of opinion expressions: 3
	Number of opinion targets: 2
	Number of characters of the text: 1395
Processing file /home/izquierdo/data/opinion_annotations_nl/kaf/news/NL-Merkel-Europa-b70ee2ebb17c2f03ccd80b0af427b50603da9679.kaf
	Number of opinion expressions: 3
	Number of opinion targets: 2
	Number of characters of the text: 1863
Processing file /home/izquierdo/data/opinion_annotations_nl/kaf/news/NL-Merkel-Europa-b7370c2f1b88aca723eff790eedca72857e6992b.kaf
	Number of opinion expressions: 2
	Number of opinion targets: 2
	Number of characters of the text: 2301
Processing file /home/izquierdo/data/opinion_annotations_nl/kaf/news/NL-Merkel-Europa-b77af713fada2dd4e056fa7b41edac8d01c39cfe.kaf
	Number of opinion expressions: 0
	Number of opinion targets: 0
	Number of characters of the text: 2628
Processing file /home/izquierdo/data/opinion_annotations_nl/kaf/news/NL-Merkel-Europa-b85b1fbd16e18c689c7d958990568c7e2c61b746.kaf
	Number of opinion expressions: 2
	Number of opinion targets: 1
	Number of characters of the text: 1126
Processing file /home/izquierdo/data/opinion_annotations_nl/kaf/news/NL-Merkel-Europa-b917fa1892d1847f78092f4e47b0a8183b1aa74e.kaf
	Number of opinion expressions: 1
	Number of opinion targets: 1
	Number of characters of the text: 756
Processing file /home/izquierdo/data/opinion_annotations_nl/kaf/news/NL-Merkel-Europa-bbbab667a826e3a2a52cad95862cd32ddd33e6af.kaf
	Number of opinion expressions: 1
	Number of opinion targets: 1
	Number of characters of the text: 2104
Processing file /home/izquierdo/data/opinion_annotations_nl/kaf/news/NL-Merkel-Europa-bc57905395d728fa108638016b8ad683d075a8a3.kaf
	Number of opinion expressions: 1
	Number of opinion targets: 1
	Number of characters of the text: 2638
Processing file /home/izquierdo/data/opinion_annotations_nl/kaf/news/NL-Merkel-Europa-bd21a40623fa1d00a72d5b2ceae1022f316f5e82.kaf
	Number of opinion expressions: 0
	Number of opinion targets: 0
	Number of characters of the text: 966
Processing file /home/izquierdo/data/opinion_annotations_nl/kaf/news/NL-Merkel-Europa-beaa0708633addf17cc7b8fd54ecfdcc812919ea.kaf
	Number of opinion expressions: 2
	Number of opinion targets: 1
	Number of characters of the text: 858
Processing file /home/izquierdo/data/opinion_annotations_nl/kaf/news/NL-Merkel-Europa-bf403fec91803c77917dbcfd2fa4f240cfc2399c.kaf
	Number of opinion expressions: 0
	Number of opinion targets: 0
	Number of characters of the text: 2197
Processing file /home/izquierdo/data/opinion_annotations_nl/kaf/news/NL-Merkel-Europa-c104d7b4652b5c11ee1c220cd67e5454bba779d4.kaf
	Number of opinion expressions: 3
	Number of opinion targets: 3
	Number of characters of the text: 1816
Processing file /home/izquierdo/data/opinion_annotations_nl/kaf/news/NL-Merkel-Europa-c18226fd0bdfc1762a4f1b49c8272aff5a1ad6e2.kaf
	Number of opinion expressions: 2
	Number of opinion targets: 2
	Number of characters of the text: 1927
Processing file /home/izquierdo/data/opinion_annotations_nl/kaf/news/NL-Merkel-Europa-c28f908de9a56ec9c690067f0496660c114dd877.kaf
	Number of opinion expressions: 0
	Number of opinion targets: 0
	Number of characters of the text: 2200
Processing file /home/izquierdo/data/opinion_annotations_nl/kaf/news/NL-Merkel-Europa-c2fc8438b4d519e88e1fbffc687758fa4305c3fb.kaf
	Number of opinion expressions: 2
	Number of opinion targets: 2
	Number of characters of the text: 1183
Processing file /home/izquierdo/data/opinion_annotations_nl/kaf/news/NL-Merkel-Europa-c389864c3ca1b899f8ec30eb7f1271eeb71990bb.kaf
	Number of opinion expressions: 0
	Number of opinion targets: 0
	Number of characters of the text: 1209
Processing file /home/izquierdo/data/opinion_annotations_nl/kaf/news/NL-Merkel-Europa-c6c07efde3892b40518bbaa43877e644f9257c69.kaf
	Number of opinion expressions: 2
	Number of opinion targets: 1
	Number of characters of the text: 2313
Processing file /home/izquierdo/data/opinion_annotations_nl/kaf/news/NL-Merkel-Europa-c7e5cc072dd09cf305d48e8451ba1974e0846a41.kaf
	Number of opinion expressions: 2
	Number of opinion targets: 2
	Number of characters of the text: 2034
Processing file /home/izquierdo/data/opinion_annotations_nl/kaf/news/NL-Merkel-Europa-cc530f6dca6115e7e932e0005f6a7e0986ce5155.kaf
	Number of opinion expressions: 1
	Number of opinion targets: 1
	Number of characters of the text: 2698
Processing file /home/izquierdo/data/opinion_annotations_nl/kaf/news/NL-Merkel-Europa-cc92212578fecc2fe24c8a0c88ffc3be2e889bfb.kaf
	Number of opinion expressions: 1
	Number of opinion targets: 1
	Number of characters of the text: 1288
Processing file /home/izquierdo/data/opinion_annotations_nl/kaf/news/NL-Merkel-Europa-cd233423a2feabe6376e647a5dc0ca2e4bfb2632.kaf
	Number of opinion expressions: 0
	Number of opinion targets: 0
	Number of characters of the text: 5852
Processing file /home/izquierdo/data/opinion_annotations_nl/kaf/news/NL-Merkel-Europa-ce2228570e3431e5aadd12e8c428581e087ac242.kaf
	Number of opinion expressions: 1
	Number of opinion targets: 1
	Number of characters of the text: 1971
Processing file /home/izquierdo/data/opinion_annotations_nl/kaf/news/NL-Merkel-Europa-cedbacdea4ea8b5a9b596e5dd3af419770e7a328.kaf
	Number of opinion expressions: 6
	Number of opinion targets: 7
	Number of characters of the text: 2820
Processing file /home/izquierdo/data/opinion_annotations_nl/kaf/news/NL-Merkel-Europa-d16e065d4744dc09d908542fff40897c72e77ad0.kaf
	Number of opinion expressions: 3
	Number of opinion targets: 3
	Number of characters of the text: 2410
Processing file /home/izquierdo/data/opinion_annotations_nl/kaf/news/NL-Merkel-Europa-d1c670e44f46c98840287fc37af0f9a7888b487f.kaf
	Number of opinion expressions: 2
	Number of opinion targets: 2
	Number of characters of the text: 1753
Processing file /home/izquierdo/data/opinion_annotations_nl/kaf/news/NL-Merkel-Europa-d35a4354bb0041e68f9af83a9b8cc355be934026.kaf
	Number of opinion expressions: 1
	Number of opinion targets: 1
	Number of characters of the text: 2948
Processing file /home/izquierdo/data/opinion_annotations_nl/kaf/news/NL-Merkel-Europa-d3a94f0e044a1ecdf6cc6e68cb8502f1191c9230.kaf
	Number of opinion expressions: 1
	Number of opinion targets: 1
	Number of characters of the text: 1579
Processing file /home/izquierdo/data/opinion_annotations_nl/kaf/news/NL-Merkel-Europa-d3bcf0499ce48ff0584a65cf7a058854261bdb32.kaf
	Number of opinion expressions: 2
	Number of opinion targets: 1
	Number of characters of the text: 2459
Processing file /home/izquierdo/data/opinion_annotations_nl/kaf/news/NL-Merkel-Europa-d5d0407c3ba666dc8d873ae22d916c2d0a1f43d9.kaf
	Number of opinion expressions: 0
	Number of opinion targets: 0
	Number of characters of the text: 3212
Processing file /home/izquierdo/data/opinion_annotations_nl/kaf/news/NL-Merkel-Europa-d6e5abe14ea4d802973f1545f759bd61e1e88719.kaf
	Number of opinion expressions: 0
	Number of opinion targets: 0
	Number of characters of the text: 3680
Processing file /home/izquierdo/data/opinion_annotations_nl/kaf/news/NL-Merkel-Europa-d78d1c4568e5d23c03f8381e5548798cc7cc74eb.kaf
	Number of opinion expressions: 2
	Number of opinion targets: 1
	Number of characters of the text: 1705
Processing file /home/izquierdo/data/opinion_annotations_nl/kaf/news/NL-Merkel-Europa-d7c144a5769de90094c9379d338daeb42c547204.kaf
	Number of opinion expressions: 1
	Number of opinion targets: 1
	Number of characters of the text: 10295
Processing file /home/izquierdo/data/opinion_annotations_nl/kaf/news/NL-Merkel-Europa-d7fab7fc45c1da7facfd0f3819f0e68c4ef18442.kaf
	Number of opinion expressions: 1
	Number of opinion targets: 1
	Number of characters of the text: 1688
Processing file /home/izquierdo/data/opinion_annotations_nl/kaf/news/NL-Merkel-Europa-d81ca99baeaa0fe9d76ea33f1366be7e52d603ae.kaf
	Number of opinion expressions: 3
	Number of opinion targets: 4
	Number of characters of the text: 8164
Processing file /home/izquierdo/data/opinion_annotations_nl/kaf/news/NL-Merkel-Europa-d9226cbb11ba1e3c3632662a9b70c30fa5462632.kaf
	Number of opinion expressions: 0
	Number of opinion targets: 0
	Number of characters of the text: 3073
Processing file /home/izquierdo/data/opinion_annotations_nl/kaf/news/NL-Merkel-Europa-da09c64749b60295a75bf46a8b2e678f89b4b5a5.kaf
	Number of opinion expressions: 4
	Number of opinion targets: 4
	Number of characters of the text: 3002
Processing file /home/izquierdo/data/opinion_annotations_nl/kaf/news/NL-Merkel-Europa-dd68d08042b4f4a3768c48544d1d63689537f096.kaf
	Number of opinion expressions: 0
	Number of opinion targets: 0
	Number of characters of the text: 2518
Processing file /home/izquierdo/data/opinion_annotations_nl/kaf/news/NL-Merkel-Europa-df19e5a25055827bff32e6c6aa75a63dabe4b363.kaf
	Number of opinion expressions: 1
	Number of opinion targets: 1
	Number of characters of the text: 1833
Processing file /home/izquierdo/data/opinion_annotations_nl/kaf/news/NL-Merkel-Europa-dfb038562c15512d27713c2a1106b2b6273a29bc.kaf
	Number of opinion expressions: 0
	Number of opinion targets: 0
	Number of characters of the text: 1607
Processing file /home/izquierdo/data/opinion_annotations_nl/kaf/news/NL-Merkel-Europa-e022aca7b91530f971d5ddcf0eb6091181966035.kaf
	Number of opinion expressions: 0
	Number of opinion targets: 0
	Number of characters of the text: 2635
Processing file /home/izquierdo/data/opinion_annotations_nl/kaf/news/NL-Merkel-Europa-e0d8f73d33607bca93a5770d9c2ed4737dd0435d.kaf
	Number of opinion expressions: 3
	Number of opinion targets: 1
	Number of characters of the text: 2569
Processing file /home/izquierdo/data/opinion_annotations_nl/kaf/news/NL-Merkel-Europa-e19969b8a18f6da74dbb1872b50cd535413d665d.kaf
	Number of opinion expressions: 3
	Number of opinion targets: 1
	Number of characters of the text: 2777
Processing file /home/izquierdo/data/opinion_annotations_nl/kaf/news/NL-Merkel-Europa-e4cfe947aeee565ce46613808fb0477c82f00a91.kaf
	Number of opinion expressions: 2
	Number of opinion targets: 2
	Number of characters of the text: 4762
Processing file /home/izquierdo/data/opinion_annotations_nl/kaf/news/NL-Merkel-Europa-e4f42e8b84d77981985268390cd6ba6d3fa94964.kaf
	Number of opinion expressions: 0
	Number of opinion targets: 0
	Number of characters of the text: 2380
Processing file /home/izquierdo/data/opinion_annotations_nl/kaf/news/NL-Merkel-Europa-e541df780fa38bece476a746c4f637f801132509.kaf
	Number of opinion expressions: 0
	Number of opinion targets: 0
	Number of characters of the text: 2799
Processing file /home/izquierdo/data/opinion_annotations_nl/kaf/news/NL-Merkel-Europa-e66447eb6f0dd0be0aa4bcb277ac59c031b4fa2e.kaf
	Number of opinion expressions: 1
	Number of opinion targets: 1
	Number of characters of the text: 1436
Processing file /home/izquierdo/data/opinion_annotations_nl/kaf/news/NL-Merkel-Europa-e677209ba7c079a00fdc637748c656087661483b.kaf
	Number of opinion expressions: 1
	Number of opinion targets: 1
	Number of characters of the text: 4118
Processing file /home/izquierdo/data/opinion_annotations_nl/kaf/news/NL-Merkel-Europa-e82a375bcdaeb0ccf6196a6a8770c602f063e778.kaf
	Number of opinion expressions: 3
	Number of opinion targets: 2
	Number of characters of the text: 4355
Processing file /home/izquierdo/data/opinion_annotations_nl/kaf/news/NL-Merkel-Europa-e835da8b773fe7adda876579510d27f03e89225a.kaf
	Number of opinion expressions: 2
	Number of opinion targets: 1
	Number of characters of the text: 1945
Processing file /home/izquierdo/data/opinion_annotations_nl/kaf/news/NL-Merkel-Europa-e90b56e3e90d4f6036becb78dfa936a3c3aa4add.kaf
	Number of opinion expressions: 4
	Number of opinion targets: 5
	Number of characters of the text: 2353
Processing file /home/izquierdo/data/opinion_annotations_nl/kaf/news/NL-Merkel-Europa-e944864a4dc62bf9dd0e72d9e699dfa28bf142fc.kaf
	Number of opinion expressions: 3
	Number of opinion targets: 3
	Number of characters of the text: 2576
Processing file /home/izquierdo/data/opinion_annotations_nl/kaf/news/NL-Merkel-Europa-ebccbc92fed0b4bd348f6abb670d21640dde172f.kaf
	Number of opinion expressions: 2
	Number of opinion targets: 1
	Number of characters of the text: 2921
Processing file /home/izquierdo/data/opinion_annotations_nl/kaf/news/NL-Merkel-Europa-ec886ee8f5cfe2a159e55e1a12edb57ecdb18d0a.kaf
	Number of opinion expressions: 0
	Number of opinion targets: 0
	Number of characters of the text: 323
Processing file /home/izquierdo/data/opinion_annotations_nl/kaf/news/NL-Merkel-Europa-ecf07b947ecd03bb81f6dd550503143937df9bbe.kaf
	Number of opinion expressions: 3
	Number of opinion targets: 2
	Number of characters of the text: 3892
Processing file /home/izquierdo/data/opinion_annotations_nl/kaf/news/NL-Merkel-Europa-ee1c4ccee85ad9bd53a8d4db5e6e450267fd78d1.kaf
	Number of opinion expressions: 6
	Number of opinion targets: 4
	Number of characters of the text: 1250
Processing file /home/izquierdo/data/opinion_annotations_nl/kaf/news/NL-Merkel-Europa-eeb66a2fa736983000d3589f5faabbf0a09450ce.kaf
	Number of opinion expressions: 0
	Number of opinion targets: 0
	Number of characters of the text: 1346
Processing file /home/izquierdo/data/opinion_annotations_nl/kaf/news/NL-Merkel-Europa-f21f7d0b437581180d7a2a9c3ab720893e435313.kaf
	Number of opinion expressions: 0
	Number of opinion targets: 0
	Number of characters of the text: 2875
Processing file /home/izquierdo/data/opinion_annotations_nl/kaf/news/NL-Merkel-Europa-f289b6b46e69de6d8d78ed47300dbdcf7af8fe82.kaf
	Number of opinion expressions: 0
	Number of opinion targets: 0
	Number of characters of the text: 1936
Processing file /home/izquierdo/data/opinion_annotations_nl/kaf/news/NL-Merkel-Europa-f2be1ddeeaabf28e04c34fc0796dee2c9ea97e43.kaf
	Number of opinion expressions: 5
	Number of opinion targets: 4
	Number of characters of the text: 1883
Processing file /home/izquierdo/data/opinion_annotations_nl/kaf/news/NL-Merkel-Europa-f42f0e6c217500f7b1acd7f62e347f15dcba306e.kaf
	Number of opinion expressions: 2
	Number of opinion targets: 2
	Number of characters of the text: 1527
Processing file /home/izquierdo/data/opinion_annotations_nl/kaf/news/NL-Merkel-Europa-f665329a913a11be5e264bb21fa715f9c75e6ca1.kaf
	Number of opinion expressions: 2
	Number of opinion targets: 1
	Number of characters of the text: 10485
Processing file /home/izquierdo/data/opinion_annotations_nl/kaf/news/NL-Merkel-Europa-f7228bfd16985dcd7c25bf4ec52c367a3cf3c9a1.kaf
	Number of opinion expressions: 0
	Number of opinion targets: 0
	Number of characters of the text: 2047
Processing file /home/izquierdo/data/opinion_annotations_nl/kaf/news/NL-Merkel-Europa-f7ef9fb9850ab52f1eff2f640663e14f050fa2bd.kaf
	Number of opinion expressions: 2
	Number of opinion targets: 1
	Number of characters of the text: 1761
Processing file /home/izquierdo/data/opinion_annotations_nl/kaf/news/NL-Merkel-Europa-fadb19ecf5ac2116fb2e3a215db1d67208340860.kaf
	Number of opinion expressions: 2
	Number of opinion targets: 2
	Number of characters of the text: 749
Processing file /home/izquierdo/data/opinion_annotations_nl/kaf/news/NL-Merkel-Europa-fc063c425ebd7c759f92927af883b83dc61c31d0.kaf
	Number of opinion expressions: 1
	Number of opinion targets: 1
	Number of characters of the text: 1357
Processing file /home/izquierdo/data/opinion_annotations_nl/kaf/news/NL-Merkel-Europa-fd4fa8dcdea6cc549f187c8a32c8d1cb59f47c2a.kaf
	Number of opinion expressions: 0
	Number of opinion targets: 0
	Number of characters of the text: 7170
Processing file /home/izquierdo/data/opinion_annotations_nl/kaf/news/NL-Merkel-Europa-fdb2ee3927eb2835dc8f0169a27b5a375cf8b85f.kaf
	Number of opinion expressions: 1
	Number of opinion targets: 1
	Number of characters of the text: 2359
Processing file /home/izquierdo/data/opinion_annotations_nl/kaf/news/NL-Merkel-Europa-fefa3e21840607485d7178ecf0b65e489d4d63b9.kaf
	Number of opinion expressions: 1
	Number of opinion targets: 1
	Number of characters of the text: 2516
Processing file /home/izquierdo/data/opinion_annotations_nl/kaf/news/NL-Merkel-Europa-ff9d606999d9aa69304cf1eeddf5e4002cfe6f58.kaf
	Number of opinion expressions: 3
	Number of opinion targets: 3
	Number of characters of the text: 1544
Processing file /home/izquierdo/data/opinion_annotations_nl/kaf/news/NL-Merkel-Europa-fffebe5494c6093f2b17e41102ea0539496c99a3.kaf
	Number of opinion expressions: 0
	Number of opinion targets: 0
	Number of characters of the text: 1494
Total unique number of expression#polarity: 525
Error expression not continuous: heeft beloofd  Not included in output
Error expression not continuous: zorgden voor  Not included in output
Error expression not continuous: tast aan  Not included in output
Error expression not continuous: maakt zich sterk voor  Not included in output
Error expression not continuous: op de rails krijgen  Not included in output
Error expression not continuous: was verbijsterd over  Not included in output
Error expression not continuous: niks voelen voor  Not included in output
Error expression not continuous: de groei zullen aanzwengelen  Not included in output
Error expression not continuous: toenemende weerzin tegen  Not included in output
Error expression not continuous: twijfelt openlijk aan  Not included in output
Error expression not continuous: twijfelt aan  Not included in output
Error expression not continuous: reageren opgelucht  Not included in output
Error expression not continuous: is fors gekant tegen  Not included in output
Error expression not continuous: de rekening betalen  Not included in output
Error expression not continuous: niet mee willen doen  Not included in output
Error expression not continuous: lieten ongenoegen blijken  Not included in output
Error expression not continuous: kan snel omslaan  Not included in output
Error expression not continuous: zijn vertroebeld  Not included in output
Error expression not continuous: blijft optimistich over  Not included in output
Error expression not continuous: heeft veel steun verloren  Not included in output
Error expression not continuous: wel terughalen  Not included in output
Error expression not continuous: voeren campagne tegen  Not included in output
Error expression not continuous: oprecht verder helpen  Not included in output
Error expression not continuous: voelt niet veel voor  Not included in output
Error expression not continuous: terzijde schuiven  Not included in output
Error expression not continuous: er voor in zijn  Not included in output
Error expression not continuous: is niet helemaal tevreden  Not included in output
Error expression not continuous: de rug toekeren  Not included in output
Error expression not continuous: heeft steun toegezegd  Not included in output
Error expression not continuous: zijn uiterst verdeeld  Not included in output
Error expression not continuous: doet de spanningen toenemen  Not included in output
Error expression not continuous: is zeer verontwaardigd  Not included in output
Error expression not continuous: sprak zijn vertrouwen uit  Not included in output
Total unique number of targets: 429
Error target not continuous: de president gekozen kan worden  Not included in output
Error target not continuous: het wapenembargo verdwijnt  Not included in output
Error target not continuous: de eu-begroting te verlagen  Not included in output
Error target not continuous: het afgesproken plan  Not included in output
Error target not continuous: ministeries uit beide landen overleggen  Not included in output
Error target not continuous: te harde bezuinigingen te veel schade berokkenen  Not included in output
Error target not continuous: aan een eventuele aanval  Not included in output
Error target not continuous: groot-brittanni zich buiten de eu plaatst  Not included in output
Error target not continuous: eind aan het op zeer grote schaal verzamelen  Not included in output
Error target not continuous: alleen naar uitgaven worden gekeken  Not included in output
Error target not continuous: de voorwaarden herschrijven  Not included in output
Error target not continuous: telefoon zou zijn afgeluisterd  Not included in output
Error target not continuous: een doelmatiger bestuur dat minder kost  Not included in output
Error target not continuous: de rekening betalen  Not included in output
